Function getPythonParseObject crashed on trial 0:
Traceback (most recent call last):
  File "/home/trey-wendell/SQA Work/Project/Trendell-FALL2025-SQA/fuzz.py", line 57, in fuzz_function
    func(fake_path)
  File "/home/trey-wendell/SQA Work/Project/Trendell-FALL2025-SQA/MLForensics/MLForensics_farzana/FAME-ML/py_parser.py", line 82, in getPythonParseObject
    full_tree = ast.parse( open( pyFile ).read())
                       ^^^^^^^^^^^^^^
FileNotFoundError: [Errno 2] No such file or directory: '/tmp/yg4^L,Ib^H.py'

--------------------------------------------------------------------------------
Function getPythonParseObject crashed on trial 1:
Traceback (most recent call last):
  File "/home/trey-wendell/SQA Work/Project/Trendell-FALL2025-SQA/fuzz.py", line 57, in fuzz_function
    func(fake_path)
  File "/home/trey-wendell/SQA Work/Project/Trendell-FALL2025-SQA/MLForensics/MLForensics_farzana/FAME-ML/py_parser.py", line 82, in getPythonParseObject
    full_tree = ast.parse( open( pyFile ).read())
                       ^^^^^^^^^^^^^^
FileNotFoundError: [Errno 2] No such file or directory: '/tmp/"A"|U|ZBE9.py'

--------------------------------------------------------------------------------
Function getPythonParseObject crashed on trial 2:
Traceback (most recent call last):
  File "/home/trey-wendell/SQA Work/Project/Trendell-FALL2025-SQA/fuzz.py", line 57, in fuzz_function
    func(fake_path)
  File "/home/trey-wendell/SQA Work/Project/Trendell-FALL2025-SQA/MLForensics/MLForensics_farzana/FAME-ML/py_parser.py", line 82, in getPythonParseObject
    full_tree = ast.parse( open( pyFile ).read())
                       ^^^^^^^^^^^^^^
FileNotFoundError: [Errno 2] No such file or directory: '/tmp/~91aW>QeX~.py'

--------------------------------------------------------------------------------
Function getPythonParseObject crashed on trial 3:
Traceback (most recent call last):
  File "/home/trey-wendell/SQA Work/Project/Trendell-FALL2025-SQA/fuzz.py", line 57, in fuzz_function
    func(fake_path)
  File "/home/trey-wendell/SQA Work/Project/Trendell-FALL2025-SQA/MLForensics/MLForensics_farzana/FAME-ML/py_parser.py", line 82, in getPythonParseObject
    full_tree = ast.parse( open( pyFile ).read())
                       ^^^^^^^^^^^^^^
FileNotFoundError: [Errno 2] No such file or directory: "/tmp/vg3pm'PCr;.py"

--------------------------------------------------------------------------------
Function getPythonParseObject crashed on trial 4:
Traceback (most recent call last):
  File "/home/trey-wendell/SQA Work/Project/Trendell-FALL2025-SQA/fuzz.py", line 57, in fuzz_function
    func(fake_path)
  File "/home/trey-wendell/SQA Work/Project/Trendell-FALL2025-SQA/MLForensics/MLForensics_farzana/FAME-ML/py_parser.py", line 82, in getPythonParseObject
    full_tree = ast.parse( open( pyFile ).read())
                       ^^^^^^^^^^^^^^
FileNotFoundError: [Errno 2] No such file or directory: '/tmp/mv",uraI{j.py'

--------------------------------------------------------------------------------
Function getPythonParseObject crashed on trial 5:
Traceback (most recent call last):
  File "/home/trey-wendell/SQA Work/Project/Trendell-FALL2025-SQA/fuzz.py", line 57, in fuzz_function
    func(fake_path)
  File "/home/trey-wendell/SQA Work/Project/Trendell-FALL2025-SQA/MLForensics/MLForensics_farzana/FAME-ML/py_parser.py", line 82, in getPythonParseObject
    full_tree = ast.parse( open( pyFile ).read())
                       ^^^^^^^^^^^^^^
FileNotFoundError: [Errno 2] No such file or directory: '/tmp/YVd%BB]OF}.py'

--------------------------------------------------------------------------------
Function getPythonParseObject crashed on trial 6:
Traceback (most recent call last):
  File "/home/trey-wendell/SQA Work/Project/Trendell-FALL2025-SQA/fuzz.py", line 57, in fuzz_function
    func(fake_path)
  File "/home/trey-wendell/SQA Work/Project/Trendell-FALL2025-SQA/MLForensics/MLForensics_farzana/FAME-ML/py_parser.py", line 82, in getPythonParseObject
    full_tree = ast.parse( open( pyFile ).read())
                       ^^^^^^^^^^^^^^
FileNotFoundError: [Errno 2] No such file or directory: "/tmp/f_~N'fg9:%.py"

--------------------------------------------------------------------------------
Function getPythonParseObject crashed on trial 7:
Traceback (most recent call last):
  File "/home/trey-wendell/SQA Work/Project/Trendell-FALL2025-SQA/fuzz.py", line 57, in fuzz_function
    func(fake_path)
  File "/home/trey-wendell/SQA Work/Project/Trendell-FALL2025-SQA/MLForensics/MLForensics_farzana/FAME-ML/py_parser.py", line 82, in getPythonParseObject
    full_tree = ast.parse( open( pyFile ).read())
                       ^^^^^^^^^^^^^^
FileNotFoundError: [Errno 2] No such file or directory: '/tmp/=U{=VAEY[}.py'

--------------------------------------------------------------------------------
Function getPythonParseObject crashed on trial 8:
Traceback (most recent call last):
  File "/home/trey-wendell/SQA Work/Project/Trendell-FALL2025-SQA/fuzz.py", line 57, in fuzz_function
    func(fake_path)
  File "/home/trey-wendell/SQA Work/Project/Trendell-FALL2025-SQA/MLForensics/MLForensics_farzana/FAME-ML/py_parser.py", line 82, in getPythonParseObject
    full_tree = ast.parse( open( pyFile ).read())
                       ^^^^^^^^^^^^^^
FileNotFoundError: [Errno 2] No such file or directory: '/tmp/D>dO%eLa(@.py'

--------------------------------------------------------------------------------
Function getPythonParseObject crashed on trial 9:
Traceback (most recent call last):
  File "/home/trey-wendell/SQA Work/Project/Trendell-FALL2025-SQA/fuzz.py", line 57, in fuzz_function
    func(fake_path)
  File "/home/trey-wendell/SQA Work/Project/Trendell-FALL2025-SQA/MLForensics/MLForensics_farzana/FAME-ML/py_parser.py", line 82, in getPythonParseObject
    full_tree = ast.parse( open( pyFile ).read())
                       ^^^^^^^^^^^^^^
FileNotFoundError: [Errno 2] No such file or directory: '/tmp/u>S(~VEmJA.py'

--------------------------------------------------------------------------------
Function getPythonParseObject crashed on trial 10:
Traceback (most recent call last):
  File "/home/trey-wendell/SQA Work/Project/Trendell-FALL2025-SQA/fuzz.py", line 57, in fuzz_function
    func(fake_path)
  File "/home/trey-wendell/SQA Work/Project/Trendell-FALL2025-SQA/MLForensics/MLForensics_farzana/FAME-ML/py_parser.py", line 82, in getPythonParseObject
    full_tree = ast.parse( open( pyFile ).read())
                       ^^^^^^^^^^^^^^
FileNotFoundError: [Errno 2] No such file or directory: '/tmp/M`#k6~ED]$.py'

--------------------------------------------------------------------------------
Function getPythonParseObject crashed on trial 11:
Traceback (most recent call last):
  File "/home/trey-wendell/SQA Work/Project/Trendell-FALL2025-SQA/fuzz.py", line 57, in fuzz_function
    func(fake_path)
  File "/home/trey-wendell/SQA Work/Project/Trendell-FALL2025-SQA/MLForensics/MLForensics_farzana/FAME-ML/py_parser.py", line 82, in getPythonParseObject
    full_tree = ast.parse( open( pyFile ).read())
                       ^^^^^^^^^^^^^^
FileNotFoundError: [Errno 2] No such file or directory: '/tmp/3|+&r*5csT.py'

--------------------------------------------------------------------------------
Function getPythonParseObject crashed on trial 12:
Traceback (most recent call last):
  File "/home/trey-wendell/SQA Work/Project/Trendell-FALL2025-SQA/fuzz.py", line 57, in fuzz_function
    func(fake_path)
  File "/home/trey-wendell/SQA Work/Project/Trendell-FALL2025-SQA/MLForensics/MLForensics_farzana/FAME-ML/py_parser.py", line 82, in getPythonParseObject
    full_tree = ast.parse( open( pyFile ).read())
                       ^^^^^^^^^^^^^^
FileNotFoundError: [Errno 2] No such file or directory: '/tmp/w}6qX?b`@@.py'

--------------------------------------------------------------------------------
Function getPythonParseObject crashed on trial 13:
Traceback (most recent call last):
  File "/home/trey-wendell/SQA Work/Project/Trendell-FALL2025-SQA/fuzz.py", line 57, in fuzz_function
    func(fake_path)
  File "/home/trey-wendell/SQA Work/Project/Trendell-FALL2025-SQA/MLForensics/MLForensics_farzana/FAME-ML/py_parser.py", line 82, in getPythonParseObject
    full_tree = ast.parse( open( pyFile ).read())
                       ^^^^^^^^^^^^^^
FileNotFoundError: [Errno 2] No such file or directory: '/tmp/J|1Kc\\fq@j.py'

--------------------------------------------------------------------------------
Function getPythonParseObject crashed on trial 14:
Traceback (most recent call last):
  File "/home/trey-wendell/SQA Work/Project/Trendell-FALL2025-SQA/fuzz.py", line 57, in fuzz_function
    func(fake_path)
  File "/home/trey-wendell/SQA Work/Project/Trendell-FALL2025-SQA/MLForensics/MLForensics_farzana/FAME-ML/py_parser.py", line 82, in getPythonParseObject
    full_tree = ast.parse( open( pyFile ).read())
                       ^^^^^^^^^^^^^^
FileNotFoundError: [Errno 2] No such file or directory: "/tmp/*itfAgm'5U.py"

--------------------------------------------------------------------------------
Function getPythonParseObject crashed on trial 15:
Traceback (most recent call last):
  File "/home/trey-wendell/SQA Work/Project/Trendell-FALL2025-SQA/fuzz.py", line 57, in fuzz_function
    func(fake_path)
  File "/home/trey-wendell/SQA Work/Project/Trendell-FALL2025-SQA/MLForensics/MLForensics_farzana/FAME-ML/py_parser.py", line 82, in getPythonParseObject
    full_tree = ast.parse( open( pyFile ).read())
                       ^^^^^^^^^^^^^^
FileNotFoundError: [Errno 2] No such file or directory: '/tmp/lecdp%Z]$h.py'

--------------------------------------------------------------------------------
Function getPythonParseObject crashed on trial 16:
Traceback (most recent call last):
  File "/home/trey-wendell/SQA Work/Project/Trendell-FALL2025-SQA/fuzz.py", line 57, in fuzz_function
    func(fake_path)
  File "/home/trey-wendell/SQA Work/Project/Trendell-FALL2025-SQA/MLForensics/MLForensics_farzana/FAME-ML/py_parser.py", line 82, in getPythonParseObject
    full_tree = ast.parse( open( pyFile ).read())
                       ^^^^^^^^^^^^^^
FileNotFoundError: [Errno 2] No such file or directory: '/tmp/~eTz;KoR/R.py'

--------------------------------------------------------------------------------
Function getPythonParseObject crashed on trial 17:
Traceback (most recent call last):
  File "/home/trey-wendell/SQA Work/Project/Trendell-FALL2025-SQA/fuzz.py", line 57, in fuzz_function
    func(fake_path)
  File "/home/trey-wendell/SQA Work/Project/Trendell-FALL2025-SQA/MLForensics/MLForensics_farzana/FAME-ML/py_parser.py", line 82, in getPythonParseObject
    full_tree = ast.parse( open( pyFile ).read())
                       ^^^^^^^^^^^^^^
FileNotFoundError: [Errno 2] No such file or directory: '/tmp/,E$ct6.4J(.py'

--------------------------------------------------------------------------------
Function getPythonParseObject crashed on trial 18:
Traceback (most recent call last):
  File "/home/trey-wendell/SQA Work/Project/Trendell-FALL2025-SQA/fuzz.py", line 57, in fuzz_function
    func(fake_path)
  File "/home/trey-wendell/SQA Work/Project/Trendell-FALL2025-SQA/MLForensics/MLForensics_farzana/FAME-ML/py_parser.py", line 82, in getPythonParseObject
    full_tree = ast.parse( open( pyFile ).read())
                       ^^^^^^^^^^^^^^
FileNotFoundError: [Errno 2] No such file or directory: '/tmp/#Z=|e?>PC~.py'

--------------------------------------------------------------------------------
Function getPythonParseObject crashed on trial 19:
Traceback (most recent call last):
  File "/home/trey-wendell/SQA Work/Project/Trendell-FALL2025-SQA/fuzz.py", line 57, in fuzz_function
    func(fake_path)
  File "/home/trey-wendell/SQA Work/Project/Trendell-FALL2025-SQA/MLForensics/MLForensics_farzana/FAME-ML/py_parser.py", line 82, in getPythonParseObject
    full_tree = ast.parse( open( pyFile ).read())
                       ^^^^^^^^^^^^^^
FileNotFoundError: [Errno 2] No such file or directory: '/tmp/-Y2hI>>uFN.py'

--------------------------------------------------------------------------------
Function getPythonParseObject crashed on trial 20:
Traceback (most recent call last):
  File "/home/trey-wendell/SQA Work/Project/Trendell-FALL2025-SQA/fuzz.py", line 57, in fuzz_function
    func(fake_path)
  File "/home/trey-wendell/SQA Work/Project/Trendell-FALL2025-SQA/MLForensics/MLForensics_farzana/FAME-ML/py_parser.py", line 82, in getPythonParseObject
    full_tree = ast.parse( open( pyFile ).read())
                       ^^^^^^^^^^^^^^
FileNotFoundError: [Errno 2] No such file or directory: '/tmp/4fEf_HJ4%>.py'

--------------------------------------------------------------------------------
Function getPythonParseObject crashed on trial 21:
Traceback (most recent call last):
  File "/home/trey-wendell/SQA Work/Project/Trendell-FALL2025-SQA/fuzz.py", line 57, in fuzz_function
    func(fake_path)
  File "/home/trey-wendell/SQA Work/Project/Trendell-FALL2025-SQA/MLForensics/MLForensics_farzana/FAME-ML/py_parser.py", line 82, in getPythonParseObject
    full_tree = ast.parse( open( pyFile ).read())
                       ^^^^^^^^^^^^^^
FileNotFoundError: [Errno 2] No such file or directory: '/tmp/Am,,/k|qG_.py'

--------------------------------------------------------------------------------
Function getPythonParseObject crashed on trial 22:
Traceback (most recent call last):
  File "/home/trey-wendell/SQA Work/Project/Trendell-FALL2025-SQA/fuzz.py", line 57, in fuzz_function
    func(fake_path)
  File "/home/trey-wendell/SQA Work/Project/Trendell-FALL2025-SQA/MLForensics/MLForensics_farzana/FAME-ML/py_parser.py", line 82, in getPythonParseObject
    full_tree = ast.parse( open( pyFile ).read())
                       ^^^^^^^^^^^^^^
FileNotFoundError: [Errno 2] No such file or directory: '/tmp/(2_?vSL3mz.py'

--------------------------------------------------------------------------------
Function getPythonParseObject crashed on trial 23:
Traceback (most recent call last):
  File "/home/trey-wendell/SQA Work/Project/Trendell-FALL2025-SQA/fuzz.py", line 57, in fuzz_function
    func(fake_path)
  File "/home/trey-wendell/SQA Work/Project/Trendell-FALL2025-SQA/MLForensics/MLForensics_farzana/FAME-ML/py_parser.py", line 82, in getPythonParseObject
    full_tree = ast.parse( open( pyFile ).read())
                       ^^^^^^^^^^^^^^
FileNotFoundError: [Errno 2] No such file or directory: '/tmp/=U$:"=%^~~.py'

--------------------------------------------------------------------------------
Function getPythonParseObject crashed on trial 24:
Traceback (most recent call last):
  File "/home/trey-wendell/SQA Work/Project/Trendell-FALL2025-SQA/fuzz.py", line 57, in fuzz_function
    func(fake_path)
  File "/home/trey-wendell/SQA Work/Project/Trendell-FALL2025-SQA/MLForensics/MLForensics_farzana/FAME-ML/py_parser.py", line 82, in getPythonParseObject
    full_tree = ast.parse( open( pyFile ).read())
                       ^^^^^^^^^^^^^^
FileNotFoundError: [Errno 2] No such file or directory: '/tmp/<cWE#:D~MH.py'

--------------------------------------------------------------------------------
Function getPythonParseObject crashed on trial 25:
Traceback (most recent call last):
  File "/home/trey-wendell/SQA Work/Project/Trendell-FALL2025-SQA/fuzz.py", line 57, in fuzz_function
    func(fake_path)
  File "/home/trey-wendell/SQA Work/Project/Trendell-FALL2025-SQA/MLForensics/MLForensics_farzana/FAME-ML/py_parser.py", line 82, in getPythonParseObject
    full_tree = ast.parse( open( pyFile ).read())
                       ^^^^^^^^^^^^^^
FileNotFoundError: [Errno 2] No such file or directory: '/tmp/He}OlEHw(g.py'

--------------------------------------------------------------------------------
Function getPythonParseObject crashed on trial 26:
Traceback (most recent call last):
  File "/home/trey-wendell/SQA Work/Project/Trendell-FALL2025-SQA/fuzz.py", line 57, in fuzz_function
    func(fake_path)
  File "/home/trey-wendell/SQA Work/Project/Trendell-FALL2025-SQA/MLForensics/MLForensics_farzana/FAME-ML/py_parser.py", line 82, in getPythonParseObject
    full_tree = ast.parse( open( pyFile ).read())
                       ^^^^^^^^^^^^^^
FileNotFoundError: [Errno 2] No such file or directory: '/tmp/)fNd9FsFcM.py'

--------------------------------------------------------------------------------
Function getPythonParseObject crashed on trial 27:
Traceback (most recent call last):
  File "/home/trey-wendell/SQA Work/Project/Trendell-FALL2025-SQA/fuzz.py", line 57, in fuzz_function
    func(fake_path)
  File "/home/trey-wendell/SQA Work/Project/Trendell-FALL2025-SQA/MLForensics/MLForensics_farzana/FAME-ML/py_parser.py", line 82, in getPythonParseObject
    full_tree = ast.parse( open( pyFile ).read())
                       ^^^^^^^^^^^^^^
FileNotFoundError: [Errno 2] No such file or directory: '/tmp/K2F<Ug5"!B.py'

--------------------------------------------------------------------------------
Function getPythonParseObject crashed on trial 28:
Traceback (most recent call last):
  File "/home/trey-wendell/SQA Work/Project/Trendell-FALL2025-SQA/fuzz.py", line 57, in fuzz_function
    func(fake_path)
  File "/home/trey-wendell/SQA Work/Project/Trendell-FALL2025-SQA/MLForensics/MLForensics_farzana/FAME-ML/py_parser.py", line 82, in getPythonParseObject
    full_tree = ast.parse( open( pyFile ).read())
                       ^^^^^^^^^^^^^^
FileNotFoundError: [Errno 2] No such file or directory: '/tmp/`W;l&+vFyM.py'

--------------------------------------------------------------------------------
Function getPythonParseObject crashed on trial 29:
Traceback (most recent call last):
  File "/home/trey-wendell/SQA Work/Project/Trendell-FALL2025-SQA/fuzz.py", line 57, in fuzz_function
    func(fake_path)
  File "/home/trey-wendell/SQA Work/Project/Trendell-FALL2025-SQA/MLForensics/MLForensics_farzana/FAME-ML/py_parser.py", line 82, in getPythonParseObject
    full_tree = ast.parse( open( pyFile ).read())
                       ^^^^^^^^^^^^^^
FileNotFoundError: [Errno 2] No such file or directory: '/tmp/P2Ke,N5)?h.py'

--------------------------------------------------------------------------------
Function getPythonParseObject crashed on trial 30:
Traceback (most recent call last):
  File "/home/trey-wendell/SQA Work/Project/Trendell-FALL2025-SQA/fuzz.py", line 57, in fuzz_function
    func(fake_path)
  File "/home/trey-wendell/SQA Work/Project/Trendell-FALL2025-SQA/MLForensics/MLForensics_farzana/FAME-ML/py_parser.py", line 82, in getPythonParseObject
    full_tree = ast.parse( open( pyFile ).read())
                       ^^^^^^^^^^^^^^
FileNotFoundError: [Errno 2] No such file or directory: '/tmp/4f]JpyKP-D.py'

--------------------------------------------------------------------------------
Function getPythonParseObject crashed on trial 31:
Traceback (most recent call last):
  File "/home/trey-wendell/SQA Work/Project/Trendell-FALL2025-SQA/fuzz.py", line 57, in fuzz_function
    func(fake_path)
  File "/home/trey-wendell/SQA Work/Project/Trendell-FALL2025-SQA/MLForensics/MLForensics_farzana/FAME-ML/py_parser.py", line 82, in getPythonParseObject
    full_tree = ast.parse( open( pyFile ).read())
                       ^^^^^^^^^^^^^^
FileNotFoundError: [Errno 2] No such file or directory: '/tmp/>$\\ge{hI&s.py'

--------------------------------------------------------------------------------
Function getPythonParseObject crashed on trial 32:
Traceback (most recent call last):
  File "/home/trey-wendell/SQA Work/Project/Trendell-FALL2025-SQA/fuzz.py", line 57, in fuzz_function
    func(fake_path)
  File "/home/trey-wendell/SQA Work/Project/Trendell-FALL2025-SQA/MLForensics/MLForensics_farzana/FAME-ML/py_parser.py", line 82, in getPythonParseObject
    full_tree = ast.parse( open( pyFile ).read())
                       ^^^^^^^^^^^^^^
FileNotFoundError: [Errno 2] No such file or directory: '/tmp/6<82#OSf]".py'

--------------------------------------------------------------------------------
Function getPythonParseObject crashed on trial 33:
Traceback (most recent call last):
  File "/home/trey-wendell/SQA Work/Project/Trendell-FALL2025-SQA/fuzz.py", line 57, in fuzz_function
    func(fake_path)
  File "/home/trey-wendell/SQA Work/Project/Trendell-FALL2025-SQA/MLForensics/MLForensics_farzana/FAME-ML/py_parser.py", line 82, in getPythonParseObject
    full_tree = ast.parse( open( pyFile ).read())
                       ^^^^^^^^^^^^^^
FileNotFoundError: [Errno 2] No such file or directory: '/tmp/{`\\@&;l>fN.py'

--------------------------------------------------------------------------------
Function getPythonParseObject crashed on trial 34:
Traceback (most recent call last):
  File "/home/trey-wendell/SQA Work/Project/Trendell-FALL2025-SQA/fuzz.py", line 57, in fuzz_function
    func(fake_path)
  File "/home/trey-wendell/SQA Work/Project/Trendell-FALL2025-SQA/MLForensics/MLForensics_farzana/FAME-ML/py_parser.py", line 82, in getPythonParseObject
    full_tree = ast.parse( open( pyFile ).read())
                       ^^^^^^^^^^^^^^
FileNotFoundError: [Errno 2] No such file or directory: '/tmp/87iq1oPb@o.py'

--------------------------------------------------------------------------------
Function getPythonParseObject crashed on trial 35:
Traceback (most recent call last):
  File "/home/trey-wendell/SQA Work/Project/Trendell-FALL2025-SQA/fuzz.py", line 57, in fuzz_function
    func(fake_path)
  File "/home/trey-wendell/SQA Work/Project/Trendell-FALL2025-SQA/MLForensics/MLForensics_farzana/FAME-ML/py_parser.py", line 82, in getPythonParseObject
    full_tree = ast.parse( open( pyFile ).read())
                       ^^^^^^^^^^^^^^
FileNotFoundError: [Errno 2] No such file or directory: '/tmp/T{o+uii*NW.py'

--------------------------------------------------------------------------------
Function getPythonParseObject crashed on trial 36:
Traceback (most recent call last):
  File "/home/trey-wendell/SQA Work/Project/Trendell-FALL2025-SQA/fuzz.py", line 57, in fuzz_function
    func(fake_path)
  File "/home/trey-wendell/SQA Work/Project/Trendell-FALL2025-SQA/MLForensics/MLForensics_farzana/FAME-ML/py_parser.py", line 82, in getPythonParseObject
    full_tree = ast.parse( open( pyFile ).read())
                       ^^^^^^^^^^^^^^
FileNotFoundError: [Errno 2] No such file or directory: "/tmp/'ifK%8cn74.py"

--------------------------------------------------------------------------------
Function getPythonParseObject crashed on trial 37:
Traceback (most recent call last):
  File "/home/trey-wendell/SQA Work/Project/Trendell-FALL2025-SQA/fuzz.py", line 57, in fuzz_function
    func(fake_path)
  File "/home/trey-wendell/SQA Work/Project/Trendell-FALL2025-SQA/MLForensics/MLForensics_farzana/FAME-ML/py_parser.py", line 82, in getPythonParseObject
    full_tree = ast.parse( open( pyFile ).read())
                       ^^^^^^^^^^^^^^
FileNotFoundError: [Errno 2] No such file or directory: '/tmp/<JHb~1{GJ2.py'

--------------------------------------------------------------------------------
Function getPythonParseObject crashed on trial 38:
Traceback (most recent call last):
  File "/home/trey-wendell/SQA Work/Project/Trendell-FALL2025-SQA/fuzz.py", line 57, in fuzz_function
    func(fake_path)
  File "/home/trey-wendell/SQA Work/Project/Trendell-FALL2025-SQA/MLForensics/MLForensics_farzana/FAME-ML/py_parser.py", line 82, in getPythonParseObject
    full_tree = ast.parse( open( pyFile ).read())
                       ^^^^^^^^^^^^^^
FileNotFoundError: [Errno 2] No such file or directory: '/tmp/<|dRC!EbcR.py'

--------------------------------------------------------------------------------
Function getPythonParseObject crashed on trial 39:
Traceback (most recent call last):
  File "/home/trey-wendell/SQA Work/Project/Trendell-FALL2025-SQA/fuzz.py", line 57, in fuzz_function
    func(fake_path)
  File "/home/trey-wendell/SQA Work/Project/Trendell-FALL2025-SQA/MLForensics/MLForensics_farzana/FAME-ML/py_parser.py", line 82, in getPythonParseObject
    full_tree = ast.parse( open( pyFile ).read())
                       ^^^^^^^^^^^^^^
FileNotFoundError: [Errno 2] No such file or directory: '/tmp/<R>3]i{u,h.py'

--------------------------------------------------------------------------------
Function getPythonParseObject crashed on trial 40:
Traceback (most recent call last):
  File "/home/trey-wendell/SQA Work/Project/Trendell-FALL2025-SQA/fuzz.py", line 57, in fuzz_function
    func(fake_path)
  File "/home/trey-wendell/SQA Work/Project/Trendell-FALL2025-SQA/MLForensics/MLForensics_farzana/FAME-ML/py_parser.py", line 82, in getPythonParseObject
    full_tree = ast.parse( open( pyFile ).read())
                       ^^^^^^^^^^^^^^
FileNotFoundError: [Errno 2] No such file or directory: '/tmp/v{@uKl6%9}.py'

--------------------------------------------------------------------------------
Function getPythonParseObject crashed on trial 41:
Traceback (most recent call last):
  File "/home/trey-wendell/SQA Work/Project/Trendell-FALL2025-SQA/fuzz.py", line 57, in fuzz_function
    func(fake_path)
  File "/home/trey-wendell/SQA Work/Project/Trendell-FALL2025-SQA/MLForensics/MLForensics_farzana/FAME-ML/py_parser.py", line 82, in getPythonParseObject
    full_tree = ast.parse( open( pyFile ).read())
                       ^^^^^^^^^^^^^^
FileNotFoundError: [Errno 2] No such file or directory: '/tmp/AVU*O|\\X7-.py'

--------------------------------------------------------------------------------
Function getPythonParseObject crashed on trial 42:
Traceback (most recent call last):
  File "/home/trey-wendell/SQA Work/Project/Trendell-FALL2025-SQA/fuzz.py", line 57, in fuzz_function
    func(fake_path)
  File "/home/trey-wendell/SQA Work/Project/Trendell-FALL2025-SQA/MLForensics/MLForensics_farzana/FAME-ML/py_parser.py", line 82, in getPythonParseObject
    full_tree = ast.parse( open( pyFile ).read())
                       ^^^^^^^^^^^^^^
FileNotFoundError: [Errno 2] No such file or directory: '/tmp/CKE,ruBuD1.py'

--------------------------------------------------------------------------------
Function getPythonParseObject crashed on trial 43:
Traceback (most recent call last):
  File "/home/trey-wendell/SQA Work/Project/Trendell-FALL2025-SQA/fuzz.py", line 57, in fuzz_function
    func(fake_path)
  File "/home/trey-wendell/SQA Work/Project/Trendell-FALL2025-SQA/MLForensics/MLForensics_farzana/FAME-ML/py_parser.py", line 82, in getPythonParseObject
    full_tree = ast.parse( open( pyFile ).read())
                       ^^^^^^^^^^^^^^
FileNotFoundError: [Errno 2] No such file or directory: "/tmp/>`'O?H=:)@.py"

--------------------------------------------------------------------------------
Function getPythonParseObject crashed on trial 44:
Traceback (most recent call last):
  File "/home/trey-wendell/SQA Work/Project/Trendell-FALL2025-SQA/fuzz.py", line 57, in fuzz_function
    func(fake_path)
  File "/home/trey-wendell/SQA Work/Project/Trendell-FALL2025-SQA/MLForensics/MLForensics_farzana/FAME-ML/py_parser.py", line 82, in getPythonParseObject
    full_tree = ast.parse( open( pyFile ).read())
                       ^^^^^^^^^^^^^^
FileNotFoundError: [Errno 2] No such file or directory: "/tmp/',YFaP41N(.py"

--------------------------------------------------------------------------------
Function getPythonParseObject crashed on trial 45:
Traceback (most recent call last):
  File "/home/trey-wendell/SQA Work/Project/Trendell-FALL2025-SQA/fuzz.py", line 57, in fuzz_function
    func(fake_path)
  File "/home/trey-wendell/SQA Work/Project/Trendell-FALL2025-SQA/MLForensics/MLForensics_farzana/FAME-ML/py_parser.py", line 82, in getPythonParseObject
    full_tree = ast.parse( open( pyFile ).read())
                       ^^^^^^^^^^^^^^
FileNotFoundError: [Errno 2] No such file or directory: '/tmp/MX[QVN|<DU.py'

--------------------------------------------------------------------------------
Function getPythonParseObject crashed on trial 46:
Traceback (most recent call last):
  File "/home/trey-wendell/SQA Work/Project/Trendell-FALL2025-SQA/fuzz.py", line 57, in fuzz_function
    func(fake_path)
  File "/home/trey-wendell/SQA Work/Project/Trendell-FALL2025-SQA/MLForensics/MLForensics_farzana/FAME-ML/py_parser.py", line 82, in getPythonParseObject
    full_tree = ast.parse( open( pyFile ).read())
                       ^^^^^^^^^^^^^^
FileNotFoundError: [Errno 2] No such file or directory: '/tmp/!&kQX,CD.+.py'

--------------------------------------------------------------------------------
Function getPythonParseObject crashed on trial 47:
Traceback (most recent call last):
  File "/home/trey-wendell/SQA Work/Project/Trendell-FALL2025-SQA/fuzz.py", line 57, in fuzz_function
    func(fake_path)
  File "/home/trey-wendell/SQA Work/Project/Trendell-FALL2025-SQA/MLForensics/MLForensics_farzana/FAME-ML/py_parser.py", line 82, in getPythonParseObject
    full_tree = ast.parse( open( pyFile ).read())
                       ^^^^^^^^^^^^^^
FileNotFoundError: [Errno 2] No such file or directory: '/tmp/A/SC/)@1+i.py'

--------------------------------------------------------------------------------
Function getPythonParseObject crashed on trial 48:
Traceback (most recent call last):
  File "/home/trey-wendell/SQA Work/Project/Trendell-FALL2025-SQA/fuzz.py", line 57, in fuzz_function
    func(fake_path)
  File "/home/trey-wendell/SQA Work/Project/Trendell-FALL2025-SQA/MLForensics/MLForensics_farzana/FAME-ML/py_parser.py", line 82, in getPythonParseObject
    full_tree = ast.parse( open( pyFile ).read())
                       ^^^^^^^^^^^^^^
FileNotFoundError: [Errno 2] No such file or directory: '/tmp/hb1a\\|:ngP.py'

--------------------------------------------------------------------------------
Function getPythonParseObject crashed on trial 49:
Traceback (most recent call last):
  File "/home/trey-wendell/SQA Work/Project/Trendell-FALL2025-SQA/fuzz.py", line 57, in fuzz_function
    func(fake_path)
  File "/home/trey-wendell/SQA Work/Project/Trendell-FALL2025-SQA/MLForensics/MLForensics_farzana/FAME-ML/py_parser.py", line 82, in getPythonParseObject
    full_tree = ast.parse( open( pyFile ).read())
                       ^^^^^^^^^^^^^^
FileNotFoundError: [Errno 2] No such file or directory: '/tmp/`3&p]+P[ur.py'

--------------------------------------------------------------------------------
Function commonAttribCallBody crashed on trial 1:
Traceback (most recent call last):
  File "/home/trey-wendell/SQA Work/Project/Trendell-FALL2025-SQA/fuzz.py", line 64, in fuzz_function
    func(node)
  File "/home/trey-wendell/SQA Work/Project/Trendell-FALL2025-SQA/MLForensics/MLForensics_farzana/FAME-ML/py_parser.py", line 92, in commonAttribCallBody
    func_, funcArgs, funcLineNo, funcKeys =  funcDict[ constants.FUNC_KW ], funcDict[constants.ARGS_KW], funcDict[constants.LINE_NO_KW], funcDict[constants.KEY_WORDS_KW]
                                                                                                       ~~~~~~~~^^^^^^^^^^^^^^^^^^^^^^
KeyError: 'lineno'

--------------------------------------------------------------------------------
Function commonAttribCallBody crashed on trial 10:
Traceback (most recent call last):
  File "/home/trey-wendell/SQA Work/Project/Trendell-FALL2025-SQA/fuzz.py", line 64, in fuzz_function
    func(node)
  File "/home/trey-wendell/SQA Work/Project/Trendell-FALL2025-SQA/MLForensics/MLForensics_farzana/FAME-ML/py_parser.py", line 92, in commonAttribCallBody
    func_, funcArgs, funcLineNo, funcKeys =  funcDict[ constants.FUNC_KW ], funcDict[constants.ARGS_KW], funcDict[constants.LINE_NO_KW], funcDict[constants.KEY_WORDS_KW]
                                                                                                       ~~~~~~~~^^^^^^^^^^^^^^^^^^^^^^
KeyError: 'lineno'

--------------------------------------------------------------------------------
Function commonAttribCallBody crashed on trial 13:
Traceback (most recent call last):
  File "/home/trey-wendell/SQA Work/Project/Trendell-FALL2025-SQA/fuzz.py", line 64, in fuzz_function
    func(node)
  File "/home/trey-wendell/SQA Work/Project/Trendell-FALL2025-SQA/MLForensics/MLForensics_farzana/FAME-ML/py_parser.py", line 92, in commonAttribCallBody
    func_, funcArgs, funcLineNo, funcKeys =  funcDict[ constants.FUNC_KW ], funcDict[constants.ARGS_KW], funcDict[constants.LINE_NO_KW], funcDict[constants.KEY_WORDS_KW]
                                                                                                       ~~~~~~~~^^^^^^^^^^^^^^^^^^^^^^
KeyError: 'lineno'

--------------------------------------------------------------------------------
Function commonAttribCallBody crashed on trial 16:
Traceback (most recent call last):
  File "/home/trey-wendell/SQA Work/Project/Trendell-FALL2025-SQA/fuzz.py", line 64, in fuzz_function
    func(node)
  File "/home/trey-wendell/SQA Work/Project/Trendell-FALL2025-SQA/MLForensics/MLForensics_farzana/FAME-ML/py_parser.py", line 92, in commonAttribCallBody
    func_, funcArgs, funcLineNo, funcKeys =  funcDict[ constants.FUNC_KW ], funcDict[constants.ARGS_KW], funcDict[constants.LINE_NO_KW], funcDict[constants.KEY_WORDS_KW]
                                                                                                       ~~~~~~~~^^^^^^^^^^^^^^^^^^^^^^
KeyError: 'lineno'

--------------------------------------------------------------------------------
Function commonAttribCallBody crashed on trial 18:
Traceback (most recent call last):
  File "/home/trey-wendell/SQA Work/Project/Trendell-FALL2025-SQA/fuzz.py", line 64, in fuzz_function
    func(node)
  File "/home/trey-wendell/SQA Work/Project/Trendell-FALL2025-SQA/MLForensics/MLForensics_farzana/FAME-ML/py_parser.py", line 92, in commonAttribCallBody
    func_, funcArgs, funcLineNo, funcKeys =  funcDict[ constants.FUNC_KW ], funcDict[constants.ARGS_KW], funcDict[constants.LINE_NO_KW], funcDict[constants.KEY_WORDS_KW]
                                                                                                       ~~~~~~~~^^^^^^^^^^^^^^^^^^^^^^
KeyError: 'lineno'

--------------------------------------------------------------------------------
Function commonAttribCallBody crashed on trial 20:
Traceback (most recent call last):
  File "/home/trey-wendell/SQA Work/Project/Trendell-FALL2025-SQA/fuzz.py", line 64, in fuzz_function
    func(node)
  File "/home/trey-wendell/SQA Work/Project/Trendell-FALL2025-SQA/MLForensics/MLForensics_farzana/FAME-ML/py_parser.py", line 92, in commonAttribCallBody
    func_, funcArgs, funcLineNo, funcKeys =  funcDict[ constants.FUNC_KW ], funcDict[constants.ARGS_KW], funcDict[constants.LINE_NO_KW], funcDict[constants.KEY_WORDS_KW]
                                                                                                       ~~~~~~~~^^^^^^^^^^^^^^^^^^^^^^
KeyError: 'lineno'

--------------------------------------------------------------------------------
Function commonAttribCallBody crashed on trial 23:
Traceback (most recent call last):
  File "/home/trey-wendell/SQA Work/Project/Trendell-FALL2025-SQA/fuzz.py", line 64, in fuzz_function
    func(node)
  File "/home/trey-wendell/SQA Work/Project/Trendell-FALL2025-SQA/MLForensics/MLForensics_farzana/FAME-ML/py_parser.py", line 92, in commonAttribCallBody
    func_, funcArgs, funcLineNo, funcKeys =  funcDict[ constants.FUNC_KW ], funcDict[constants.ARGS_KW], funcDict[constants.LINE_NO_KW], funcDict[constants.KEY_WORDS_KW]
                                                                                                       ~~~~~~~~^^^^^^^^^^^^^^^^^^^^^^
KeyError: 'lineno'

--------------------------------------------------------------------------------
Function commonAttribCallBody crashed on trial 28:
Traceback (most recent call last):
  File "/home/trey-wendell/SQA Work/Project/Trendell-FALL2025-SQA/fuzz.py", line 64, in fuzz_function
    func(node)
  File "/home/trey-wendell/SQA Work/Project/Trendell-FALL2025-SQA/MLForensics/MLForensics_farzana/FAME-ML/py_parser.py", line 92, in commonAttribCallBody
    func_, funcArgs, funcLineNo, funcKeys =  funcDict[ constants.FUNC_KW ], funcDict[constants.ARGS_KW], funcDict[constants.LINE_NO_KW], funcDict[constants.KEY_WORDS_KW]
                                                                                                       ~~~~~~~~^^^^^^^^^^^^^^^^^^^^^^
KeyError: 'lineno'

--------------------------------------------------------------------------------
Function commonAttribCallBody crashed on trial 32:
Traceback (most recent call last):
  File "/home/trey-wendell/SQA Work/Project/Trendell-FALL2025-SQA/fuzz.py", line 64, in fuzz_function
    func(node)
  File "/home/trey-wendell/SQA Work/Project/Trendell-FALL2025-SQA/MLForensics/MLForensics_farzana/FAME-ML/py_parser.py", line 92, in commonAttribCallBody
    func_, funcArgs, funcLineNo, funcKeys =  funcDict[ constants.FUNC_KW ], funcDict[constants.ARGS_KW], funcDict[constants.LINE_NO_KW], funcDict[constants.KEY_WORDS_KW]
                                                                                                       ~~~~~~~~^^^^^^^^^^^^^^^^^^^^^^
KeyError: 'lineno'

--------------------------------------------------------------------------------
Function commonAttribCallBody crashed on trial 37:
Traceback (most recent call last):
  File "/home/trey-wendell/SQA Work/Project/Trendell-FALL2025-SQA/fuzz.py", line 64, in fuzz_function
    func(node)
  File "/home/trey-wendell/SQA Work/Project/Trendell-FALL2025-SQA/MLForensics/MLForensics_farzana/FAME-ML/py_parser.py", line 92, in commonAttribCallBody
    func_, funcArgs, funcLineNo, funcKeys =  funcDict[ constants.FUNC_KW ], funcDict[constants.ARGS_KW], funcDict[constants.LINE_NO_KW], funcDict[constants.KEY_WORDS_KW]
                                                                                                       ~~~~~~~~^^^^^^^^^^^^^^^^^^^^^^
KeyError: 'lineno'

--------------------------------------------------------------------------------
Function commonAttribCallBody crashed on trial 41:
Traceback (most recent call last):
  File "/home/trey-wendell/SQA Work/Project/Trendell-FALL2025-SQA/fuzz.py", line 64, in fuzz_function
    func(node)
  File "/home/trey-wendell/SQA Work/Project/Trendell-FALL2025-SQA/MLForensics/MLForensics_farzana/FAME-ML/py_parser.py", line 92, in commonAttribCallBody
    func_, funcArgs, funcLineNo, funcKeys =  funcDict[ constants.FUNC_KW ], funcDict[constants.ARGS_KW], funcDict[constants.LINE_NO_KW], funcDict[constants.KEY_WORDS_KW]
                                                                                                       ~~~~~~~~^^^^^^^^^^^^^^^^^^^^^^
KeyError: 'lineno'

--------------------------------------------------------------------------------
Function commonAttribCallBody crashed on trial 44:
Traceback (most recent call last):
  File "/home/trey-wendell/SQA Work/Project/Trendell-FALL2025-SQA/fuzz.py", line 64, in fuzz_function
    func(node)
  File "/home/trey-wendell/SQA Work/Project/Trendell-FALL2025-SQA/MLForensics/MLForensics_farzana/FAME-ML/py_parser.py", line 92, in commonAttribCallBody
    func_, funcArgs, funcLineNo, funcKeys =  funcDict[ constants.FUNC_KW ], funcDict[constants.ARGS_KW], funcDict[constants.LINE_NO_KW], funcDict[constants.KEY_WORDS_KW]
                                                                                                       ~~~~~~~~^^^^^^^^^^^^^^^^^^^^^^
KeyError: 'lineno'

--------------------------------------------------------------------------------
Function commonAttribCallBody crashed on trial 47:
Traceback (most recent call last):
  File "/home/trey-wendell/SQA Work/Project/Trendell-FALL2025-SQA/fuzz.py", line 64, in fuzz_function
    func(node)
  File "/home/trey-wendell/SQA Work/Project/Trendell-FALL2025-SQA/MLForensics/MLForensics_farzana/FAME-ML/py_parser.py", line 92, in commonAttribCallBody
    func_, funcArgs, funcLineNo, funcKeys =  funcDict[ constants.FUNC_KW ], funcDict[constants.ARGS_KW], funcDict[constants.LINE_NO_KW], funcDict[constants.KEY_WORDS_KW]
                                                                                                       ~~~~~~~~^^^^^^^^^^^^^^^^^^^^^^
KeyError: 'lineno'

--------------------------------------------------------------------------------
Function commonAttribCallBody crashed on trial 49:
Traceback (most recent call last):
  File "/home/trey-wendell/SQA Work/Project/Trendell-FALL2025-SQA/fuzz.py", line 64, in fuzz_function
    func(node)
  File "/home/trey-wendell/SQA Work/Project/Trendell-FALL2025-SQA/MLForensics/MLForensics_farzana/FAME-ML/py_parser.py", line 92, in commonAttribCallBody
    func_, funcArgs, funcLineNo, funcKeys =  funcDict[ constants.FUNC_KW ], funcDict[constants.ARGS_KW], funcDict[constants.LINE_NO_KW], funcDict[constants.KEY_WORDS_KW]
                                                                                                       ~~~~~~~~^^^^^^^^^^^^^^^^^^^^^^
KeyError: 'lineno'

--------------------------------------------------------------------------------
Function getFunctionAssignments crashed on trial 0:
Traceback (most recent call last):
  File "/home/trey-wendell/SQA Work/Project/Trendell-FALL2025-SQA/fuzz.py", line 64, in fuzz_function
    func(node)
  File "/home/trey-wendell/SQA Work/Project/Trendell-FALL2025-SQA/MLForensics/MLForensics_farzana/FAME-ML/py_parser.py", line 188, in getFunctionAssignments
    for stmt_ in pyTree.body:
                 ^^^^^^^^^^^
AttributeError: 'Expr' object has no attribute 'body'

--------------------------------------------------------------------------------
Function getFunctionAssignments crashed on trial 1:
Traceback (most recent call last):
  File "/home/trey-wendell/SQA Work/Project/Trendell-FALL2025-SQA/fuzz.py", line 64, in fuzz_function
    func(node)
  File "/home/trey-wendell/SQA Work/Project/Trendell-FALL2025-SQA/MLForensics/MLForensics_farzana/FAME-ML/py_parser.py", line 188, in getFunctionAssignments
    for stmt_ in pyTree.body:
                 ^^^^^^^^^^^
AttributeError: 'Assign' object has no attribute 'body'

--------------------------------------------------------------------------------
Function getFunctionAssignments crashed on trial 2:
Traceback (most recent call last):
  File "/home/trey-wendell/SQA Work/Project/Trendell-FALL2025-SQA/fuzz.py", line 64, in fuzz_function
    func(node)
  File "/home/trey-wendell/SQA Work/Project/Trendell-FALL2025-SQA/MLForensics/MLForensics_farzana/FAME-ML/py_parser.py", line 188, in getFunctionAssignments
    for stmt_ in pyTree.body:
                 ^^^^^^^^^^^
AttributeError: 'Expr' object has no attribute 'body'

--------------------------------------------------------------------------------
Function getFunctionAssignments crashed on trial 3:
Traceback (most recent call last):
  File "/home/trey-wendell/SQA Work/Project/Trendell-FALL2025-SQA/fuzz.py", line 64, in fuzz_function
    func(node)
  File "/home/trey-wendell/SQA Work/Project/Trendell-FALL2025-SQA/MLForensics/MLForensics_farzana/FAME-ML/py_parser.py", line 188, in getFunctionAssignments
    for stmt_ in pyTree.body:
                 ^^^^^^^^^^^
AttributeError: 'Expr' object has no attribute 'body'

--------------------------------------------------------------------------------
Function getFunctionAssignments crashed on trial 4:
Traceback (most recent call last):
  File "/home/trey-wendell/SQA Work/Project/Trendell-FALL2025-SQA/fuzz.py", line 64, in fuzz_function
    func(node)
  File "/home/trey-wendell/SQA Work/Project/Trendell-FALL2025-SQA/MLForensics/MLForensics_farzana/FAME-ML/py_parser.py", line 188, in getFunctionAssignments
    for stmt_ in pyTree.body:
                 ^^^^^^^^^^^
AttributeError: 'Expr' object has no attribute 'body'

--------------------------------------------------------------------------------
Function getFunctionAssignments crashed on trial 5:
Traceback (most recent call last):
  File "/home/trey-wendell/SQA Work/Project/Trendell-FALL2025-SQA/fuzz.py", line 64, in fuzz_function
    func(node)
  File "/home/trey-wendell/SQA Work/Project/Trendell-FALL2025-SQA/MLForensics/MLForensics_farzana/FAME-ML/py_parser.py", line 188, in getFunctionAssignments
    for stmt_ in pyTree.body:
                 ^^^^^^^^^^^
AttributeError: 'Attribute' object has no attribute 'body'

--------------------------------------------------------------------------------
Function getFunctionAssignments crashed on trial 6:
Traceback (most recent call last):
  File "/home/trey-wendell/SQA Work/Project/Trendell-FALL2025-SQA/fuzz.py", line 64, in fuzz_function
    func(node)
  File "/home/trey-wendell/SQA Work/Project/Trendell-FALL2025-SQA/MLForensics/MLForensics_farzana/FAME-ML/py_parser.py", line 188, in getFunctionAssignments
    for stmt_ in pyTree.body:
                 ^^^^^^^^^^^
AttributeError: 'Name' object has no attribute 'body'

--------------------------------------------------------------------------------
Function getFunctionAssignments crashed on trial 7:
Traceback (most recent call last):
  File "/home/trey-wendell/SQA Work/Project/Trendell-FALL2025-SQA/fuzz.py", line 64, in fuzz_function
    func(node)
  File "/home/trey-wendell/SQA Work/Project/Trendell-FALL2025-SQA/MLForensics/MLForensics_farzana/FAME-ML/py_parser.py", line 188, in getFunctionAssignments
    for stmt_ in pyTree.body:
                 ^^^^^^^^^^^
AttributeError: 'Expr' object has no attribute 'body'

--------------------------------------------------------------------------------
Function getFunctionAssignments crashed on trial 8:
Traceback (most recent call last):
  File "/home/trey-wendell/SQA Work/Project/Trendell-FALL2025-SQA/fuzz.py", line 64, in fuzz_function
    func(node)
  File "/home/trey-wendell/SQA Work/Project/Trendell-FALL2025-SQA/MLForensics/MLForensics_farzana/FAME-ML/py_parser.py", line 188, in getFunctionAssignments
    for stmt_ in pyTree.body:
                 ^^^^^^^^^^^
AttributeError: 'Attribute' object has no attribute 'body'

--------------------------------------------------------------------------------
Function getFunctionAssignments crashed on trial 9:
Traceback (most recent call last):
  File "/home/trey-wendell/SQA Work/Project/Trendell-FALL2025-SQA/fuzz.py", line 64, in fuzz_function
    func(node)
  File "/home/trey-wendell/SQA Work/Project/Trendell-FALL2025-SQA/MLForensics/MLForensics_farzana/FAME-ML/py_parser.py", line 188, in getFunctionAssignments
    for stmt_ in pyTree.body:
                 ^^^^^^^^^^^
AttributeError: 'Assign' object has no attribute 'body'

--------------------------------------------------------------------------------
Function getFunctionAssignments crashed on trial 10:
Traceback (most recent call last):
  File "/home/trey-wendell/SQA Work/Project/Trendell-FALL2025-SQA/fuzz.py", line 64, in fuzz_function
    func(node)
  File "/home/trey-wendell/SQA Work/Project/Trendell-FALL2025-SQA/MLForensics/MLForensics_farzana/FAME-ML/py_parser.py", line 188, in getFunctionAssignments
    for stmt_ in pyTree.body:
                 ^^^^^^^^^^^
AttributeError: 'Name' object has no attribute 'body'

--------------------------------------------------------------------------------
Function getFunctionAssignments crashed on trial 11:
Traceback (most recent call last):
  File "/home/trey-wendell/SQA Work/Project/Trendell-FALL2025-SQA/fuzz.py", line 64, in fuzz_function
    func(node)
  File "/home/trey-wendell/SQA Work/Project/Trendell-FALL2025-SQA/MLForensics/MLForensics_farzana/FAME-ML/py_parser.py", line 188, in getFunctionAssignments
    for stmt_ in pyTree.body:
                 ^^^^^^^^^^^
AttributeError: 'Attribute' object has no attribute 'body'

--------------------------------------------------------------------------------
Function getFunctionAssignments crashed on trial 12:
Traceback (most recent call last):
  File "/home/trey-wendell/SQA Work/Project/Trendell-FALL2025-SQA/fuzz.py", line 64, in fuzz_function
    func(node)
  File "/home/trey-wendell/SQA Work/Project/Trendell-FALL2025-SQA/MLForensics/MLForensics_farzana/FAME-ML/py_parser.py", line 188, in getFunctionAssignments
    for stmt_ in pyTree.body:
                 ^^^^^^^^^^^
AttributeError: 'Expr' object has no attribute 'body'

--------------------------------------------------------------------------------
Function getFunctionAssignments crashed on trial 13:
Traceback (most recent call last):
  File "/home/trey-wendell/SQA Work/Project/Trendell-FALL2025-SQA/fuzz.py", line 64, in fuzz_function
    func(node)
  File "/home/trey-wendell/SQA Work/Project/Trendell-FALL2025-SQA/MLForensics/MLForensics_farzana/FAME-ML/py_parser.py", line 188, in getFunctionAssignments
    for stmt_ in pyTree.body:
                 ^^^^^^^^^^^
AttributeError: 'Attribute' object has no attribute 'body'

--------------------------------------------------------------------------------
Function getFunctionAssignments crashed on trial 14:
Traceback (most recent call last):
  File "/home/trey-wendell/SQA Work/Project/Trendell-FALL2025-SQA/fuzz.py", line 64, in fuzz_function
    func(node)
  File "/home/trey-wendell/SQA Work/Project/Trendell-FALL2025-SQA/MLForensics/MLForensics_farzana/FAME-ML/py_parser.py", line 188, in getFunctionAssignments
    for stmt_ in pyTree.body:
                 ^^^^^^^^^^^
AttributeError: 'Expr' object has no attribute 'body'

--------------------------------------------------------------------------------
Function getFunctionAssignments crashed on trial 15:
Traceback (most recent call last):
  File "/home/trey-wendell/SQA Work/Project/Trendell-FALL2025-SQA/fuzz.py", line 64, in fuzz_function
    func(node)
  File "/home/trey-wendell/SQA Work/Project/Trendell-FALL2025-SQA/MLForensics/MLForensics_farzana/FAME-ML/py_parser.py", line 188, in getFunctionAssignments
    for stmt_ in pyTree.body:
                 ^^^^^^^^^^^
AttributeError: 'Call' object has no attribute 'body'

--------------------------------------------------------------------------------
Function getFunctionAssignments crashed on trial 16:
Traceback (most recent call last):
  File "/home/trey-wendell/SQA Work/Project/Trendell-FALL2025-SQA/fuzz.py", line 64, in fuzz_function
    func(node)
  File "/home/trey-wendell/SQA Work/Project/Trendell-FALL2025-SQA/MLForensics/MLForensics_farzana/FAME-ML/py_parser.py", line 188, in getFunctionAssignments
    for stmt_ in pyTree.body:
                 ^^^^^^^^^^^
AttributeError: 'Assign' object has no attribute 'body'

--------------------------------------------------------------------------------
Function getFunctionAssignments crashed on trial 17:
Traceback (most recent call last):
  File "/home/trey-wendell/SQA Work/Project/Trendell-FALL2025-SQA/fuzz.py", line 64, in fuzz_function
    func(node)
  File "/home/trey-wendell/SQA Work/Project/Trendell-FALL2025-SQA/MLForensics/MLForensics_farzana/FAME-ML/py_parser.py", line 188, in getFunctionAssignments
    for stmt_ in pyTree.body:
                 ^^^^^^^^^^^
AttributeError: 'Name' object has no attribute 'body'

--------------------------------------------------------------------------------
Function getFunctionAssignments crashed on trial 18:
Traceback (most recent call last):
  File "/home/trey-wendell/SQA Work/Project/Trendell-FALL2025-SQA/fuzz.py", line 64, in fuzz_function
    func(node)
  File "/home/trey-wendell/SQA Work/Project/Trendell-FALL2025-SQA/MLForensics/MLForensics_farzana/FAME-ML/py_parser.py", line 188, in getFunctionAssignments
    for stmt_ in pyTree.body:
                 ^^^^^^^^^^^
AttributeError: 'Name' object has no attribute 'body'

--------------------------------------------------------------------------------
Function getFunctionAssignments crashed on trial 19:
Traceback (most recent call last):
  File "/home/trey-wendell/SQA Work/Project/Trendell-FALL2025-SQA/fuzz.py", line 64, in fuzz_function
    func(node)
  File "/home/trey-wendell/SQA Work/Project/Trendell-FALL2025-SQA/MLForensics/MLForensics_farzana/FAME-ML/py_parser.py", line 188, in getFunctionAssignments
    for stmt_ in pyTree.body:
                 ^^^^^^^^^^^
AttributeError: 'Assign' object has no attribute 'body'

--------------------------------------------------------------------------------
Function getFunctionAssignments crashed on trial 20:
Traceback (most recent call last):
  File "/home/trey-wendell/SQA Work/Project/Trendell-FALL2025-SQA/fuzz.py", line 64, in fuzz_function
    func(node)
  File "/home/trey-wendell/SQA Work/Project/Trendell-FALL2025-SQA/MLForensics/MLForensics_farzana/FAME-ML/py_parser.py", line 188, in getFunctionAssignments
    for stmt_ in pyTree.body:
                 ^^^^^^^^^^^
AttributeError: 'Expr' object has no attribute 'body'

--------------------------------------------------------------------------------
Function getFunctionAssignments crashed on trial 21:
Traceback (most recent call last):
  File "/home/trey-wendell/SQA Work/Project/Trendell-FALL2025-SQA/fuzz.py", line 64, in fuzz_function
    func(node)
  File "/home/trey-wendell/SQA Work/Project/Trendell-FALL2025-SQA/MLForensics/MLForensics_farzana/FAME-ML/py_parser.py", line 188, in getFunctionAssignments
    for stmt_ in pyTree.body:
                 ^^^^^^^^^^^
AttributeError: 'Call' object has no attribute 'body'

--------------------------------------------------------------------------------
Function getFunctionAssignments crashed on trial 22:
Traceback (most recent call last):
  File "/home/trey-wendell/SQA Work/Project/Trendell-FALL2025-SQA/fuzz.py", line 64, in fuzz_function
    func(node)
  File "/home/trey-wendell/SQA Work/Project/Trendell-FALL2025-SQA/MLForensics/MLForensics_farzana/FAME-ML/py_parser.py", line 188, in getFunctionAssignments
    for stmt_ in pyTree.body:
                 ^^^^^^^^^^^
AttributeError: 'Call' object has no attribute 'body'

--------------------------------------------------------------------------------
Function getFunctionAssignments crashed on trial 23:
Traceback (most recent call last):
  File "/home/trey-wendell/SQA Work/Project/Trendell-FALL2025-SQA/fuzz.py", line 64, in fuzz_function
    func(node)
  File "/home/trey-wendell/SQA Work/Project/Trendell-FALL2025-SQA/MLForensics/MLForensics_farzana/FAME-ML/py_parser.py", line 188, in getFunctionAssignments
    for stmt_ in pyTree.body:
                 ^^^^^^^^^^^
AttributeError: 'Expr' object has no attribute 'body'

--------------------------------------------------------------------------------
Function getFunctionAssignments crashed on trial 24:
Traceback (most recent call last):
  File "/home/trey-wendell/SQA Work/Project/Trendell-FALL2025-SQA/fuzz.py", line 64, in fuzz_function
    func(node)
  File "/home/trey-wendell/SQA Work/Project/Trendell-FALL2025-SQA/MLForensics/MLForensics_farzana/FAME-ML/py_parser.py", line 188, in getFunctionAssignments
    for stmt_ in pyTree.body:
                 ^^^^^^^^^^^
AttributeError: 'Assign' object has no attribute 'body'

--------------------------------------------------------------------------------
Function getFunctionAssignments crashed on trial 25:
Traceback (most recent call last):
  File "/home/trey-wendell/SQA Work/Project/Trendell-FALL2025-SQA/fuzz.py", line 64, in fuzz_function
    func(node)
  File "/home/trey-wendell/SQA Work/Project/Trendell-FALL2025-SQA/MLForensics/MLForensics_farzana/FAME-ML/py_parser.py", line 188, in getFunctionAssignments
    for stmt_ in pyTree.body:
                 ^^^^^^^^^^^
AttributeError: 'Name' object has no attribute 'body'

--------------------------------------------------------------------------------
Function getFunctionAssignments crashed on trial 26:
Traceback (most recent call last):
  File "/home/trey-wendell/SQA Work/Project/Trendell-FALL2025-SQA/fuzz.py", line 64, in fuzz_function
    func(node)
  File "/home/trey-wendell/SQA Work/Project/Trendell-FALL2025-SQA/MLForensics/MLForensics_farzana/FAME-ML/py_parser.py", line 188, in getFunctionAssignments
    for stmt_ in pyTree.body:
                 ^^^^^^^^^^^
AttributeError: 'Name' object has no attribute 'body'

--------------------------------------------------------------------------------
Function getFunctionAssignments crashed on trial 27:
Traceback (most recent call last):
  File "/home/trey-wendell/SQA Work/Project/Trendell-FALL2025-SQA/fuzz.py", line 64, in fuzz_function
    func(node)
  File "/home/trey-wendell/SQA Work/Project/Trendell-FALL2025-SQA/MLForensics/MLForensics_farzana/FAME-ML/py_parser.py", line 188, in getFunctionAssignments
    for stmt_ in pyTree.body:
                 ^^^^^^^^^^^
AttributeError: 'Name' object has no attribute 'body'

--------------------------------------------------------------------------------
Function getFunctionAssignments crashed on trial 28:
Traceback (most recent call last):
  File "/home/trey-wendell/SQA Work/Project/Trendell-FALL2025-SQA/fuzz.py", line 64, in fuzz_function
    func(node)
  File "/home/trey-wendell/SQA Work/Project/Trendell-FALL2025-SQA/MLForensics/MLForensics_farzana/FAME-ML/py_parser.py", line 188, in getFunctionAssignments
    for stmt_ in pyTree.body:
                 ^^^^^^^^^^^
AttributeError: 'Call' object has no attribute 'body'

--------------------------------------------------------------------------------
Function getFunctionAssignments crashed on trial 29:
Traceback (most recent call last):
  File "/home/trey-wendell/SQA Work/Project/Trendell-FALL2025-SQA/fuzz.py", line 64, in fuzz_function
    func(node)
  File "/home/trey-wendell/SQA Work/Project/Trendell-FALL2025-SQA/MLForensics/MLForensics_farzana/FAME-ML/py_parser.py", line 188, in getFunctionAssignments
    for stmt_ in pyTree.body:
                 ^^^^^^^^^^^
AttributeError: 'Name' object has no attribute 'body'

--------------------------------------------------------------------------------
Function getFunctionAssignments crashed on trial 30:
Traceback (most recent call last):
  File "/home/trey-wendell/SQA Work/Project/Trendell-FALL2025-SQA/fuzz.py", line 64, in fuzz_function
    func(node)
  File "/home/trey-wendell/SQA Work/Project/Trendell-FALL2025-SQA/MLForensics/MLForensics_farzana/FAME-ML/py_parser.py", line 188, in getFunctionAssignments
    for stmt_ in pyTree.body:
                 ^^^^^^^^^^^
AttributeError: 'Expr' object has no attribute 'body'

--------------------------------------------------------------------------------
Function getFunctionAssignments crashed on trial 31:
Traceback (most recent call last):
  File "/home/trey-wendell/SQA Work/Project/Trendell-FALL2025-SQA/fuzz.py", line 64, in fuzz_function
    func(node)
  File "/home/trey-wendell/SQA Work/Project/Trendell-FALL2025-SQA/MLForensics/MLForensics_farzana/FAME-ML/py_parser.py", line 188, in getFunctionAssignments
    for stmt_ in pyTree.body:
                 ^^^^^^^^^^^
AttributeError: 'Expr' object has no attribute 'body'

--------------------------------------------------------------------------------
Function getFunctionAssignments crashed on trial 32:
Traceback (most recent call last):
  File "/home/trey-wendell/SQA Work/Project/Trendell-FALL2025-SQA/fuzz.py", line 64, in fuzz_function
    func(node)
  File "/home/trey-wendell/SQA Work/Project/Trendell-FALL2025-SQA/MLForensics/MLForensics_farzana/FAME-ML/py_parser.py", line 188, in getFunctionAssignments
    for stmt_ in pyTree.body:
                 ^^^^^^^^^^^
AttributeError: 'Call' object has no attribute 'body'

--------------------------------------------------------------------------------
Function getFunctionAssignments crashed on trial 33:
Traceback (most recent call last):
  File "/home/trey-wendell/SQA Work/Project/Trendell-FALL2025-SQA/fuzz.py", line 64, in fuzz_function
    func(node)
  File "/home/trey-wendell/SQA Work/Project/Trendell-FALL2025-SQA/MLForensics/MLForensics_farzana/FAME-ML/py_parser.py", line 188, in getFunctionAssignments
    for stmt_ in pyTree.body:
                 ^^^^^^^^^^^
AttributeError: 'Attribute' object has no attribute 'body'

--------------------------------------------------------------------------------
Function getFunctionAssignments crashed on trial 34:
Traceback (most recent call last):
  File "/home/trey-wendell/SQA Work/Project/Trendell-FALL2025-SQA/fuzz.py", line 64, in fuzz_function
    func(node)
  File "/home/trey-wendell/SQA Work/Project/Trendell-FALL2025-SQA/MLForensics/MLForensics_farzana/FAME-ML/py_parser.py", line 188, in getFunctionAssignments
    for stmt_ in pyTree.body:
                 ^^^^^^^^^^^
AttributeError: 'Assign' object has no attribute 'body'

--------------------------------------------------------------------------------
Function getFunctionAssignments crashed on trial 35:
Traceback (most recent call last):
  File "/home/trey-wendell/SQA Work/Project/Trendell-FALL2025-SQA/fuzz.py", line 64, in fuzz_function
    func(node)
  File "/home/trey-wendell/SQA Work/Project/Trendell-FALL2025-SQA/MLForensics/MLForensics_farzana/FAME-ML/py_parser.py", line 188, in getFunctionAssignments
    for stmt_ in pyTree.body:
                 ^^^^^^^^^^^
AttributeError: 'Name' object has no attribute 'body'

--------------------------------------------------------------------------------
Function getFunctionAssignments crashed on trial 36:
Traceback (most recent call last):
  File "/home/trey-wendell/SQA Work/Project/Trendell-FALL2025-SQA/fuzz.py", line 64, in fuzz_function
    func(node)
  File "/home/trey-wendell/SQA Work/Project/Trendell-FALL2025-SQA/MLForensics/MLForensics_farzana/FAME-ML/py_parser.py", line 188, in getFunctionAssignments
    for stmt_ in pyTree.body:
                 ^^^^^^^^^^^
AttributeError: 'Name' object has no attribute 'body'

--------------------------------------------------------------------------------
Function getFunctionAssignments crashed on trial 37:
Traceback (most recent call last):
  File "/home/trey-wendell/SQA Work/Project/Trendell-FALL2025-SQA/fuzz.py", line 64, in fuzz_function
    func(node)
  File "/home/trey-wendell/SQA Work/Project/Trendell-FALL2025-SQA/MLForensics/MLForensics_farzana/FAME-ML/py_parser.py", line 188, in getFunctionAssignments
    for stmt_ in pyTree.body:
                 ^^^^^^^^^^^
AttributeError: 'Call' object has no attribute 'body'

--------------------------------------------------------------------------------
Function getFunctionAssignments crashed on trial 38:
Traceback (most recent call last):
  File "/home/trey-wendell/SQA Work/Project/Trendell-FALL2025-SQA/fuzz.py", line 64, in fuzz_function
    func(node)
  File "/home/trey-wendell/SQA Work/Project/Trendell-FALL2025-SQA/MLForensics/MLForensics_farzana/FAME-ML/py_parser.py", line 188, in getFunctionAssignments
    for stmt_ in pyTree.body:
                 ^^^^^^^^^^^
AttributeError: 'Attribute' object has no attribute 'body'

--------------------------------------------------------------------------------
Function getFunctionAssignments crashed on trial 39:
Traceback (most recent call last):
  File "/home/trey-wendell/SQA Work/Project/Trendell-FALL2025-SQA/fuzz.py", line 64, in fuzz_function
    func(node)
  File "/home/trey-wendell/SQA Work/Project/Trendell-FALL2025-SQA/MLForensics/MLForensics_farzana/FAME-ML/py_parser.py", line 188, in getFunctionAssignments
    for stmt_ in pyTree.body:
                 ^^^^^^^^^^^
AttributeError: 'Attribute' object has no attribute 'body'

--------------------------------------------------------------------------------
Function getFunctionAssignments crashed on trial 40:
Traceback (most recent call last):
  File "/home/trey-wendell/SQA Work/Project/Trendell-FALL2025-SQA/fuzz.py", line 64, in fuzz_function
    func(node)
  File "/home/trey-wendell/SQA Work/Project/Trendell-FALL2025-SQA/MLForensics/MLForensics_farzana/FAME-ML/py_parser.py", line 188, in getFunctionAssignments
    for stmt_ in pyTree.body:
                 ^^^^^^^^^^^
AttributeError: 'Name' object has no attribute 'body'

--------------------------------------------------------------------------------
Function getFunctionAssignments crashed on trial 41:
Traceback (most recent call last):
  File "/home/trey-wendell/SQA Work/Project/Trendell-FALL2025-SQA/fuzz.py", line 64, in fuzz_function
    func(node)
  File "/home/trey-wendell/SQA Work/Project/Trendell-FALL2025-SQA/MLForensics/MLForensics_farzana/FAME-ML/py_parser.py", line 188, in getFunctionAssignments
    for stmt_ in pyTree.body:
                 ^^^^^^^^^^^
AttributeError: 'Name' object has no attribute 'body'

--------------------------------------------------------------------------------
Function getFunctionAssignments crashed on trial 42:
Traceback (most recent call last):
  File "/home/trey-wendell/SQA Work/Project/Trendell-FALL2025-SQA/fuzz.py", line 64, in fuzz_function
    func(node)
  File "/home/trey-wendell/SQA Work/Project/Trendell-FALL2025-SQA/MLForensics/MLForensics_farzana/FAME-ML/py_parser.py", line 188, in getFunctionAssignments
    for stmt_ in pyTree.body:
                 ^^^^^^^^^^^
AttributeError: 'Name' object has no attribute 'body'

--------------------------------------------------------------------------------
Function getFunctionAssignments crashed on trial 43:
Traceback (most recent call last):
  File "/home/trey-wendell/SQA Work/Project/Trendell-FALL2025-SQA/fuzz.py", line 64, in fuzz_function
    func(node)
  File "/home/trey-wendell/SQA Work/Project/Trendell-FALL2025-SQA/MLForensics/MLForensics_farzana/FAME-ML/py_parser.py", line 188, in getFunctionAssignments
    for stmt_ in pyTree.body:
                 ^^^^^^^^^^^
AttributeError: 'Name' object has no attribute 'body'

--------------------------------------------------------------------------------
Function getFunctionAssignments crashed on trial 44:
Traceback (most recent call last):
  File "/home/trey-wendell/SQA Work/Project/Trendell-FALL2025-SQA/fuzz.py", line 64, in fuzz_function
    func(node)
  File "/home/trey-wendell/SQA Work/Project/Trendell-FALL2025-SQA/MLForensics/MLForensics_farzana/FAME-ML/py_parser.py", line 188, in getFunctionAssignments
    for stmt_ in pyTree.body:
                 ^^^^^^^^^^^
AttributeError: 'Name' object has no attribute 'body'

--------------------------------------------------------------------------------
Function getFunctionAssignments crashed on trial 45:
Traceback (most recent call last):
  File "/home/trey-wendell/SQA Work/Project/Trendell-FALL2025-SQA/fuzz.py", line 64, in fuzz_function
    func(node)
  File "/home/trey-wendell/SQA Work/Project/Trendell-FALL2025-SQA/MLForensics/MLForensics_farzana/FAME-ML/py_parser.py", line 188, in getFunctionAssignments
    for stmt_ in pyTree.body:
                 ^^^^^^^^^^^
AttributeError: 'Call' object has no attribute 'body'

--------------------------------------------------------------------------------
Function getFunctionAssignments crashed on trial 46:
Traceback (most recent call last):
  File "/home/trey-wendell/SQA Work/Project/Trendell-FALL2025-SQA/fuzz.py", line 64, in fuzz_function
    func(node)
  File "/home/trey-wendell/SQA Work/Project/Trendell-FALL2025-SQA/MLForensics/MLForensics_farzana/FAME-ML/py_parser.py", line 188, in getFunctionAssignments
    for stmt_ in pyTree.body:
                 ^^^^^^^^^^^
AttributeError: 'Attribute' object has no attribute 'body'

--------------------------------------------------------------------------------
Function getFunctionAssignments crashed on trial 47:
Traceback (most recent call last):
  File "/home/trey-wendell/SQA Work/Project/Trendell-FALL2025-SQA/fuzz.py", line 64, in fuzz_function
    func(node)
  File "/home/trey-wendell/SQA Work/Project/Trendell-FALL2025-SQA/MLForensics/MLForensics_farzana/FAME-ML/py_parser.py", line 188, in getFunctionAssignments
    for stmt_ in pyTree.body:
                 ^^^^^^^^^^^
AttributeError: 'Expr' object has no attribute 'body'

--------------------------------------------------------------------------------
Function getFunctionAssignments crashed on trial 48:
Traceback (most recent call last):
  File "/home/trey-wendell/SQA Work/Project/Trendell-FALL2025-SQA/fuzz.py", line 64, in fuzz_function
    func(node)
  File "/home/trey-wendell/SQA Work/Project/Trendell-FALL2025-SQA/MLForensics/MLForensics_farzana/FAME-ML/py_parser.py", line 188, in getFunctionAssignments
    for stmt_ in pyTree.body:
                 ^^^^^^^^^^^
AttributeError: 'Expr' object has no attribute 'body'

--------------------------------------------------------------------------------
Function getFunctionAssignments crashed on trial 49:
Traceback (most recent call last):
  File "/home/trey-wendell/SQA Work/Project/Trendell-FALL2025-SQA/fuzz.py", line 64, in fuzz_function
    func(node)
  File "/home/trey-wendell/SQA Work/Project/Trendell-FALL2025-SQA/MLForensics/MLForensics_farzana/FAME-ML/py_parser.py", line 188, in getFunctionAssignments
    for stmt_ in pyTree.body:
                 ^^^^^^^^^^^
AttributeError: 'Call' object has no attribute 'body'

--------------------------------------------------------------------------------
Function getPythonAtrributeFuncs crashed on trial 0:
Traceback (most recent call last):
  File "/home/trey-wendell/SQA Work/Project/Trendell-FALL2025-SQA/fuzz.py", line 64, in fuzz_function
    func(node)
  File "/home/trey-wendell/SQA Work/Project/Trendell-FALL2025-SQA/MLForensics/MLForensics_farzana/FAME-ML/py_parser.py", line 178, in getPythonAtrributeFuncs
    for stmt_ in pyTree.body:
                 ^^^^^^^^^^^
AttributeError: 'Expr' object has no attribute 'body'

--------------------------------------------------------------------------------
Function getPythonAtrributeFuncs crashed on trial 1:
Traceback (most recent call last):
  File "/home/trey-wendell/SQA Work/Project/Trendell-FALL2025-SQA/fuzz.py", line 64, in fuzz_function
    func(node)
  File "/home/trey-wendell/SQA Work/Project/Trendell-FALL2025-SQA/MLForensics/MLForensics_farzana/FAME-ML/py_parser.py", line 178, in getPythonAtrributeFuncs
    for stmt_ in pyTree.body:
                 ^^^^^^^^^^^
AttributeError: 'Name' object has no attribute 'body'

--------------------------------------------------------------------------------
Function getPythonAtrributeFuncs crashed on trial 2:
Traceback (most recent call last):
  File "/home/trey-wendell/SQA Work/Project/Trendell-FALL2025-SQA/fuzz.py", line 64, in fuzz_function
    func(node)
  File "/home/trey-wendell/SQA Work/Project/Trendell-FALL2025-SQA/MLForensics/MLForensics_farzana/FAME-ML/py_parser.py", line 178, in getPythonAtrributeFuncs
    for stmt_ in pyTree.body:
                 ^^^^^^^^^^^
AttributeError: 'Name' object has no attribute 'body'

--------------------------------------------------------------------------------
Function getPythonAtrributeFuncs crashed on trial 3:
Traceback (most recent call last):
  File "/home/trey-wendell/SQA Work/Project/Trendell-FALL2025-SQA/fuzz.py", line 64, in fuzz_function
    func(node)
  File "/home/trey-wendell/SQA Work/Project/Trendell-FALL2025-SQA/MLForensics/MLForensics_farzana/FAME-ML/py_parser.py", line 178, in getPythonAtrributeFuncs
    for stmt_ in pyTree.body:
                 ^^^^^^^^^^^
AttributeError: 'Assign' object has no attribute 'body'

--------------------------------------------------------------------------------
Function getPythonAtrributeFuncs crashed on trial 4:
Traceback (most recent call last):
  File "/home/trey-wendell/SQA Work/Project/Trendell-FALL2025-SQA/fuzz.py", line 64, in fuzz_function
    func(node)
  File "/home/trey-wendell/SQA Work/Project/Trendell-FALL2025-SQA/MLForensics/MLForensics_farzana/FAME-ML/py_parser.py", line 178, in getPythonAtrributeFuncs
    for stmt_ in pyTree.body:
                 ^^^^^^^^^^^
AttributeError: 'Expr' object has no attribute 'body'

--------------------------------------------------------------------------------
Function getPythonAtrributeFuncs crashed on trial 5:
Traceback (most recent call last):
  File "/home/trey-wendell/SQA Work/Project/Trendell-FALL2025-SQA/fuzz.py", line 64, in fuzz_function
    func(node)
  File "/home/trey-wendell/SQA Work/Project/Trendell-FALL2025-SQA/MLForensics/MLForensics_farzana/FAME-ML/py_parser.py", line 178, in getPythonAtrributeFuncs
    for stmt_ in pyTree.body:
                 ^^^^^^^^^^^
AttributeError: 'Expr' object has no attribute 'body'

--------------------------------------------------------------------------------
Function getPythonAtrributeFuncs crashed on trial 6:
Traceback (most recent call last):
  File "/home/trey-wendell/SQA Work/Project/Trendell-FALL2025-SQA/fuzz.py", line 64, in fuzz_function
    func(node)
  File "/home/trey-wendell/SQA Work/Project/Trendell-FALL2025-SQA/MLForensics/MLForensics_farzana/FAME-ML/py_parser.py", line 178, in getPythonAtrributeFuncs
    for stmt_ in pyTree.body:
                 ^^^^^^^^^^^
AttributeError: 'Assign' object has no attribute 'body'

--------------------------------------------------------------------------------
Function getPythonAtrributeFuncs crashed on trial 7:
Traceback (most recent call last):
  File "/home/trey-wendell/SQA Work/Project/Trendell-FALL2025-SQA/fuzz.py", line 64, in fuzz_function
    func(node)
  File "/home/trey-wendell/SQA Work/Project/Trendell-FALL2025-SQA/MLForensics/MLForensics_farzana/FAME-ML/py_parser.py", line 178, in getPythonAtrributeFuncs
    for stmt_ in pyTree.body:
                 ^^^^^^^^^^^
AttributeError: 'Name' object has no attribute 'body'

--------------------------------------------------------------------------------
Function getPythonAtrributeFuncs crashed on trial 8:
Traceback (most recent call last):
  File "/home/trey-wendell/SQA Work/Project/Trendell-FALL2025-SQA/fuzz.py", line 64, in fuzz_function
    func(node)
  File "/home/trey-wendell/SQA Work/Project/Trendell-FALL2025-SQA/MLForensics/MLForensics_farzana/FAME-ML/py_parser.py", line 178, in getPythonAtrributeFuncs
    for stmt_ in pyTree.body:
                 ^^^^^^^^^^^
AttributeError: 'Call' object has no attribute 'body'

--------------------------------------------------------------------------------
Function getPythonAtrributeFuncs crashed on trial 9:
Traceback (most recent call last):
  File "/home/trey-wendell/SQA Work/Project/Trendell-FALL2025-SQA/fuzz.py", line 64, in fuzz_function
    func(node)
  File "/home/trey-wendell/SQA Work/Project/Trendell-FALL2025-SQA/MLForensics/MLForensics_farzana/FAME-ML/py_parser.py", line 178, in getPythonAtrributeFuncs
    for stmt_ in pyTree.body:
                 ^^^^^^^^^^^
AttributeError: 'Name' object has no attribute 'body'

--------------------------------------------------------------------------------
Function getPythonAtrributeFuncs crashed on trial 10:
Traceback (most recent call last):
  File "/home/trey-wendell/SQA Work/Project/Trendell-FALL2025-SQA/fuzz.py", line 64, in fuzz_function
    func(node)
  File "/home/trey-wendell/SQA Work/Project/Trendell-FALL2025-SQA/MLForensics/MLForensics_farzana/FAME-ML/py_parser.py", line 178, in getPythonAtrributeFuncs
    for stmt_ in pyTree.body:
                 ^^^^^^^^^^^
AttributeError: 'Assign' object has no attribute 'body'

--------------------------------------------------------------------------------
Function getPythonAtrributeFuncs crashed on trial 11:
Traceback (most recent call last):
  File "/home/trey-wendell/SQA Work/Project/Trendell-FALL2025-SQA/fuzz.py", line 64, in fuzz_function
    func(node)
  File "/home/trey-wendell/SQA Work/Project/Trendell-FALL2025-SQA/MLForensics/MLForensics_farzana/FAME-ML/py_parser.py", line 178, in getPythonAtrributeFuncs
    for stmt_ in pyTree.body:
                 ^^^^^^^^^^^
AttributeError: 'Assign' object has no attribute 'body'

--------------------------------------------------------------------------------
Function getPythonAtrributeFuncs crashed on trial 12:
Traceback (most recent call last):
  File "/home/trey-wendell/SQA Work/Project/Trendell-FALL2025-SQA/fuzz.py", line 64, in fuzz_function
    func(node)
  File "/home/trey-wendell/SQA Work/Project/Trendell-FALL2025-SQA/MLForensics/MLForensics_farzana/FAME-ML/py_parser.py", line 178, in getPythonAtrributeFuncs
    for stmt_ in pyTree.body:
                 ^^^^^^^^^^^
AttributeError: 'Call' object has no attribute 'body'

--------------------------------------------------------------------------------
Function getPythonAtrributeFuncs crashed on trial 13:
Traceback (most recent call last):
  File "/home/trey-wendell/SQA Work/Project/Trendell-FALL2025-SQA/fuzz.py", line 64, in fuzz_function
    func(node)
  File "/home/trey-wendell/SQA Work/Project/Trendell-FALL2025-SQA/MLForensics/MLForensics_farzana/FAME-ML/py_parser.py", line 178, in getPythonAtrributeFuncs
    for stmt_ in pyTree.body:
                 ^^^^^^^^^^^
AttributeError: 'Name' object has no attribute 'body'

--------------------------------------------------------------------------------
Function getPythonAtrributeFuncs crashed on trial 14:
Traceback (most recent call last):
  File "/home/trey-wendell/SQA Work/Project/Trendell-FALL2025-SQA/fuzz.py", line 64, in fuzz_function
    func(node)
  File "/home/trey-wendell/SQA Work/Project/Trendell-FALL2025-SQA/MLForensics/MLForensics_farzana/FAME-ML/py_parser.py", line 178, in getPythonAtrributeFuncs
    for stmt_ in pyTree.body:
                 ^^^^^^^^^^^
AttributeError: 'Expr' object has no attribute 'body'

--------------------------------------------------------------------------------
Function getPythonAtrributeFuncs crashed on trial 15:
Traceback (most recent call last):
  File "/home/trey-wendell/SQA Work/Project/Trendell-FALL2025-SQA/fuzz.py", line 64, in fuzz_function
    func(node)
  File "/home/trey-wendell/SQA Work/Project/Trendell-FALL2025-SQA/MLForensics/MLForensics_farzana/FAME-ML/py_parser.py", line 178, in getPythonAtrributeFuncs
    for stmt_ in pyTree.body:
                 ^^^^^^^^^^^
AttributeError: 'Assign' object has no attribute 'body'

--------------------------------------------------------------------------------
Function getPythonAtrributeFuncs crashed on trial 16:
Traceback (most recent call last):
  File "/home/trey-wendell/SQA Work/Project/Trendell-FALL2025-SQA/fuzz.py", line 64, in fuzz_function
    func(node)
  File "/home/trey-wendell/SQA Work/Project/Trendell-FALL2025-SQA/MLForensics/MLForensics_farzana/FAME-ML/py_parser.py", line 178, in getPythonAtrributeFuncs
    for stmt_ in pyTree.body:
                 ^^^^^^^^^^^
AttributeError: 'Name' object has no attribute 'body'

--------------------------------------------------------------------------------
Function getPythonAtrributeFuncs crashed on trial 17:
Traceback (most recent call last):
  File "/home/trey-wendell/SQA Work/Project/Trendell-FALL2025-SQA/fuzz.py", line 64, in fuzz_function
    func(node)
  File "/home/trey-wendell/SQA Work/Project/Trendell-FALL2025-SQA/MLForensics/MLForensics_farzana/FAME-ML/py_parser.py", line 178, in getPythonAtrributeFuncs
    for stmt_ in pyTree.body:
                 ^^^^^^^^^^^
AttributeError: 'Expr' object has no attribute 'body'

--------------------------------------------------------------------------------
Function getPythonAtrributeFuncs crashed on trial 18:
Traceback (most recent call last):
  File "/home/trey-wendell/SQA Work/Project/Trendell-FALL2025-SQA/fuzz.py", line 64, in fuzz_function
    func(node)
  File "/home/trey-wendell/SQA Work/Project/Trendell-FALL2025-SQA/MLForensics/MLForensics_farzana/FAME-ML/py_parser.py", line 178, in getPythonAtrributeFuncs
    for stmt_ in pyTree.body:
                 ^^^^^^^^^^^
AttributeError: 'Attribute' object has no attribute 'body'

--------------------------------------------------------------------------------
Function getPythonAtrributeFuncs crashed on trial 19:
Traceback (most recent call last):
  File "/home/trey-wendell/SQA Work/Project/Trendell-FALL2025-SQA/fuzz.py", line 64, in fuzz_function
    func(node)
  File "/home/trey-wendell/SQA Work/Project/Trendell-FALL2025-SQA/MLForensics/MLForensics_farzana/FAME-ML/py_parser.py", line 178, in getPythonAtrributeFuncs
    for stmt_ in pyTree.body:
                 ^^^^^^^^^^^
AttributeError: 'Attribute' object has no attribute 'body'

--------------------------------------------------------------------------------
Function getPythonAtrributeFuncs crashed on trial 20:
Traceback (most recent call last):
  File "/home/trey-wendell/SQA Work/Project/Trendell-FALL2025-SQA/fuzz.py", line 64, in fuzz_function
    func(node)
  File "/home/trey-wendell/SQA Work/Project/Trendell-FALL2025-SQA/MLForensics/MLForensics_farzana/FAME-ML/py_parser.py", line 178, in getPythonAtrributeFuncs
    for stmt_ in pyTree.body:
                 ^^^^^^^^^^^
AttributeError: 'Call' object has no attribute 'body'

--------------------------------------------------------------------------------
Function getPythonAtrributeFuncs crashed on trial 21:
Traceback (most recent call last):
  File "/home/trey-wendell/SQA Work/Project/Trendell-FALL2025-SQA/fuzz.py", line 64, in fuzz_function
    func(node)
  File "/home/trey-wendell/SQA Work/Project/Trendell-FALL2025-SQA/MLForensics/MLForensics_farzana/FAME-ML/py_parser.py", line 178, in getPythonAtrributeFuncs
    for stmt_ in pyTree.body:
                 ^^^^^^^^^^^
AttributeError: 'Expr' object has no attribute 'body'

--------------------------------------------------------------------------------
Function getPythonAtrributeFuncs crashed on trial 22:
Traceback (most recent call last):
  File "/home/trey-wendell/SQA Work/Project/Trendell-FALL2025-SQA/fuzz.py", line 64, in fuzz_function
    func(node)
  File "/home/trey-wendell/SQA Work/Project/Trendell-FALL2025-SQA/MLForensics/MLForensics_farzana/FAME-ML/py_parser.py", line 178, in getPythonAtrributeFuncs
    for stmt_ in pyTree.body:
                 ^^^^^^^^^^^
AttributeError: 'Call' object has no attribute 'body'

--------------------------------------------------------------------------------
Function getPythonAtrributeFuncs crashed on trial 23:
Traceback (most recent call last):
  File "/home/trey-wendell/SQA Work/Project/Trendell-FALL2025-SQA/fuzz.py", line 64, in fuzz_function
    func(node)
  File "/home/trey-wendell/SQA Work/Project/Trendell-FALL2025-SQA/MLForensics/MLForensics_farzana/FAME-ML/py_parser.py", line 178, in getPythonAtrributeFuncs
    for stmt_ in pyTree.body:
                 ^^^^^^^^^^^
AttributeError: 'Attribute' object has no attribute 'body'

--------------------------------------------------------------------------------
Function getPythonAtrributeFuncs crashed on trial 24:
Traceback (most recent call last):
  File "/home/trey-wendell/SQA Work/Project/Trendell-FALL2025-SQA/fuzz.py", line 64, in fuzz_function
    func(node)
  File "/home/trey-wendell/SQA Work/Project/Trendell-FALL2025-SQA/MLForensics/MLForensics_farzana/FAME-ML/py_parser.py", line 178, in getPythonAtrributeFuncs
    for stmt_ in pyTree.body:
                 ^^^^^^^^^^^
AttributeError: 'Name' object has no attribute 'body'

--------------------------------------------------------------------------------
Function getPythonAtrributeFuncs crashed on trial 25:
Traceback (most recent call last):
  File "/home/trey-wendell/SQA Work/Project/Trendell-FALL2025-SQA/fuzz.py", line 64, in fuzz_function
    func(node)
  File "/home/trey-wendell/SQA Work/Project/Trendell-FALL2025-SQA/MLForensics/MLForensics_farzana/FAME-ML/py_parser.py", line 178, in getPythonAtrributeFuncs
    for stmt_ in pyTree.body:
                 ^^^^^^^^^^^
AttributeError: 'Call' object has no attribute 'body'

--------------------------------------------------------------------------------
Function getPythonAtrributeFuncs crashed on trial 26:
Traceback (most recent call last):
  File "/home/trey-wendell/SQA Work/Project/Trendell-FALL2025-SQA/fuzz.py", line 64, in fuzz_function
    func(node)
  File "/home/trey-wendell/SQA Work/Project/Trendell-FALL2025-SQA/MLForensics/MLForensics_farzana/FAME-ML/py_parser.py", line 178, in getPythonAtrributeFuncs
    for stmt_ in pyTree.body:
                 ^^^^^^^^^^^
AttributeError: 'Name' object has no attribute 'body'

--------------------------------------------------------------------------------
Function getPythonAtrributeFuncs crashed on trial 27:
Traceback (most recent call last):
  File "/home/trey-wendell/SQA Work/Project/Trendell-FALL2025-SQA/fuzz.py", line 64, in fuzz_function
    func(node)
  File "/home/trey-wendell/SQA Work/Project/Trendell-FALL2025-SQA/MLForensics/MLForensics_farzana/FAME-ML/py_parser.py", line 178, in getPythonAtrributeFuncs
    for stmt_ in pyTree.body:
                 ^^^^^^^^^^^
AttributeError: 'Expr' object has no attribute 'body'

--------------------------------------------------------------------------------
Function getPythonAtrributeFuncs crashed on trial 28:
Traceback (most recent call last):
  File "/home/trey-wendell/SQA Work/Project/Trendell-FALL2025-SQA/fuzz.py", line 64, in fuzz_function
    func(node)
  File "/home/trey-wendell/SQA Work/Project/Trendell-FALL2025-SQA/MLForensics/MLForensics_farzana/FAME-ML/py_parser.py", line 178, in getPythonAtrributeFuncs
    for stmt_ in pyTree.body:
                 ^^^^^^^^^^^
AttributeError: 'Call' object has no attribute 'body'

--------------------------------------------------------------------------------
Function getPythonAtrributeFuncs crashed on trial 29:
Traceback (most recent call last):
  File "/home/trey-wendell/SQA Work/Project/Trendell-FALL2025-SQA/fuzz.py", line 64, in fuzz_function
    func(node)
  File "/home/trey-wendell/SQA Work/Project/Trendell-FALL2025-SQA/MLForensics/MLForensics_farzana/FAME-ML/py_parser.py", line 178, in getPythonAtrributeFuncs
    for stmt_ in pyTree.body:
                 ^^^^^^^^^^^
AttributeError: 'Call' object has no attribute 'body'

--------------------------------------------------------------------------------
Function getPythonAtrributeFuncs crashed on trial 30:
Traceback (most recent call last):
  File "/home/trey-wendell/SQA Work/Project/Trendell-FALL2025-SQA/fuzz.py", line 64, in fuzz_function
    func(node)
  File "/home/trey-wendell/SQA Work/Project/Trendell-FALL2025-SQA/MLForensics/MLForensics_farzana/FAME-ML/py_parser.py", line 178, in getPythonAtrributeFuncs
    for stmt_ in pyTree.body:
                 ^^^^^^^^^^^
AttributeError: 'Assign' object has no attribute 'body'

--------------------------------------------------------------------------------
Function getPythonAtrributeFuncs crashed on trial 31:
Traceback (most recent call last):
  File "/home/trey-wendell/SQA Work/Project/Trendell-FALL2025-SQA/fuzz.py", line 64, in fuzz_function
    func(node)
  File "/home/trey-wendell/SQA Work/Project/Trendell-FALL2025-SQA/MLForensics/MLForensics_farzana/FAME-ML/py_parser.py", line 178, in getPythonAtrributeFuncs
    for stmt_ in pyTree.body:
                 ^^^^^^^^^^^
AttributeError: 'Expr' object has no attribute 'body'

--------------------------------------------------------------------------------
Function getPythonAtrributeFuncs crashed on trial 32:
Traceback (most recent call last):
  File "/home/trey-wendell/SQA Work/Project/Trendell-FALL2025-SQA/fuzz.py", line 64, in fuzz_function
    func(node)
  File "/home/trey-wendell/SQA Work/Project/Trendell-FALL2025-SQA/MLForensics/MLForensics_farzana/FAME-ML/py_parser.py", line 178, in getPythonAtrributeFuncs
    for stmt_ in pyTree.body:
                 ^^^^^^^^^^^
AttributeError: 'Name' object has no attribute 'body'

--------------------------------------------------------------------------------
Function getPythonAtrributeFuncs crashed on trial 33:
Traceback (most recent call last):
  File "/home/trey-wendell/SQA Work/Project/Trendell-FALL2025-SQA/fuzz.py", line 64, in fuzz_function
    func(node)
  File "/home/trey-wendell/SQA Work/Project/Trendell-FALL2025-SQA/MLForensics/MLForensics_farzana/FAME-ML/py_parser.py", line 178, in getPythonAtrributeFuncs
    for stmt_ in pyTree.body:
                 ^^^^^^^^^^^
AttributeError: 'Name' object has no attribute 'body'

--------------------------------------------------------------------------------
Function getPythonAtrributeFuncs crashed on trial 34:
Traceback (most recent call last):
  File "/home/trey-wendell/SQA Work/Project/Trendell-FALL2025-SQA/fuzz.py", line 64, in fuzz_function
    func(node)
  File "/home/trey-wendell/SQA Work/Project/Trendell-FALL2025-SQA/MLForensics/MLForensics_farzana/FAME-ML/py_parser.py", line 178, in getPythonAtrributeFuncs
    for stmt_ in pyTree.body:
                 ^^^^^^^^^^^
AttributeError: 'Call' object has no attribute 'body'

--------------------------------------------------------------------------------
Function getPythonAtrributeFuncs crashed on trial 35:
Traceback (most recent call last):
  File "/home/trey-wendell/SQA Work/Project/Trendell-FALL2025-SQA/fuzz.py", line 64, in fuzz_function
    func(node)
  File "/home/trey-wendell/SQA Work/Project/Trendell-FALL2025-SQA/MLForensics/MLForensics_farzana/FAME-ML/py_parser.py", line 178, in getPythonAtrributeFuncs
    for stmt_ in pyTree.body:
                 ^^^^^^^^^^^
AttributeError: 'Call' object has no attribute 'body'

--------------------------------------------------------------------------------
Function getPythonAtrributeFuncs crashed on trial 36:
Traceback (most recent call last):
  File "/home/trey-wendell/SQA Work/Project/Trendell-FALL2025-SQA/fuzz.py", line 64, in fuzz_function
    func(node)
  File "/home/trey-wendell/SQA Work/Project/Trendell-FALL2025-SQA/MLForensics/MLForensics_farzana/FAME-ML/py_parser.py", line 178, in getPythonAtrributeFuncs
    for stmt_ in pyTree.body:
                 ^^^^^^^^^^^
AttributeError: 'Call' object has no attribute 'body'

--------------------------------------------------------------------------------
Function getPythonAtrributeFuncs crashed on trial 37:
Traceback (most recent call last):
  File "/home/trey-wendell/SQA Work/Project/Trendell-FALL2025-SQA/fuzz.py", line 64, in fuzz_function
    func(node)
  File "/home/trey-wendell/SQA Work/Project/Trendell-FALL2025-SQA/MLForensics/MLForensics_farzana/FAME-ML/py_parser.py", line 178, in getPythonAtrributeFuncs
    for stmt_ in pyTree.body:
                 ^^^^^^^^^^^
AttributeError: 'Attribute' object has no attribute 'body'

--------------------------------------------------------------------------------
Function getPythonAtrributeFuncs crashed on trial 38:
Traceback (most recent call last):
  File "/home/trey-wendell/SQA Work/Project/Trendell-FALL2025-SQA/fuzz.py", line 64, in fuzz_function
    func(node)
  File "/home/trey-wendell/SQA Work/Project/Trendell-FALL2025-SQA/MLForensics/MLForensics_farzana/FAME-ML/py_parser.py", line 178, in getPythonAtrributeFuncs
    for stmt_ in pyTree.body:
                 ^^^^^^^^^^^
AttributeError: 'Name' object has no attribute 'body'

--------------------------------------------------------------------------------
Function getPythonAtrributeFuncs crashed on trial 39:
Traceback (most recent call last):
  File "/home/trey-wendell/SQA Work/Project/Trendell-FALL2025-SQA/fuzz.py", line 64, in fuzz_function
    func(node)
  File "/home/trey-wendell/SQA Work/Project/Trendell-FALL2025-SQA/MLForensics/MLForensics_farzana/FAME-ML/py_parser.py", line 178, in getPythonAtrributeFuncs
    for stmt_ in pyTree.body:
                 ^^^^^^^^^^^
AttributeError: 'Expr' object has no attribute 'body'

--------------------------------------------------------------------------------
Function getPythonAtrributeFuncs crashed on trial 40:
Traceback (most recent call last):
  File "/home/trey-wendell/SQA Work/Project/Trendell-FALL2025-SQA/fuzz.py", line 64, in fuzz_function
    func(node)
  File "/home/trey-wendell/SQA Work/Project/Trendell-FALL2025-SQA/MLForensics/MLForensics_farzana/FAME-ML/py_parser.py", line 178, in getPythonAtrributeFuncs
    for stmt_ in pyTree.body:
                 ^^^^^^^^^^^
AttributeError: 'Name' object has no attribute 'body'

--------------------------------------------------------------------------------
Function getPythonAtrributeFuncs crashed on trial 41:
Traceback (most recent call last):
  File "/home/trey-wendell/SQA Work/Project/Trendell-FALL2025-SQA/fuzz.py", line 64, in fuzz_function
    func(node)
  File "/home/trey-wendell/SQA Work/Project/Trendell-FALL2025-SQA/MLForensics/MLForensics_farzana/FAME-ML/py_parser.py", line 178, in getPythonAtrributeFuncs
    for stmt_ in pyTree.body:
                 ^^^^^^^^^^^
AttributeError: 'Name' object has no attribute 'body'

--------------------------------------------------------------------------------
Function getPythonAtrributeFuncs crashed on trial 42:
Traceback (most recent call last):
  File "/home/trey-wendell/SQA Work/Project/Trendell-FALL2025-SQA/fuzz.py", line 64, in fuzz_function
    func(node)
  File "/home/trey-wendell/SQA Work/Project/Trendell-FALL2025-SQA/MLForensics/MLForensics_farzana/FAME-ML/py_parser.py", line 178, in getPythonAtrributeFuncs
    for stmt_ in pyTree.body:
                 ^^^^^^^^^^^
AttributeError: 'Expr' object has no attribute 'body'

--------------------------------------------------------------------------------
Function getPythonAtrributeFuncs crashed on trial 43:
Traceback (most recent call last):
  File "/home/trey-wendell/SQA Work/Project/Trendell-FALL2025-SQA/fuzz.py", line 64, in fuzz_function
    func(node)
  File "/home/trey-wendell/SQA Work/Project/Trendell-FALL2025-SQA/MLForensics/MLForensics_farzana/FAME-ML/py_parser.py", line 178, in getPythonAtrributeFuncs
    for stmt_ in pyTree.body:
                 ^^^^^^^^^^^
AttributeError: 'Expr' object has no attribute 'body'

--------------------------------------------------------------------------------
Function getPythonAtrributeFuncs crashed on trial 44:
Traceback (most recent call last):
  File "/home/trey-wendell/SQA Work/Project/Trendell-FALL2025-SQA/fuzz.py", line 64, in fuzz_function
    func(node)
  File "/home/trey-wendell/SQA Work/Project/Trendell-FALL2025-SQA/MLForensics/MLForensics_farzana/FAME-ML/py_parser.py", line 178, in getPythonAtrributeFuncs
    for stmt_ in pyTree.body:
                 ^^^^^^^^^^^
AttributeError: 'Name' object has no attribute 'body'

--------------------------------------------------------------------------------
Function getPythonAtrributeFuncs crashed on trial 45:
Traceback (most recent call last):
  File "/home/trey-wendell/SQA Work/Project/Trendell-FALL2025-SQA/fuzz.py", line 64, in fuzz_function
    func(node)
  File "/home/trey-wendell/SQA Work/Project/Trendell-FALL2025-SQA/MLForensics/MLForensics_farzana/FAME-ML/py_parser.py", line 178, in getPythonAtrributeFuncs
    for stmt_ in pyTree.body:
                 ^^^^^^^^^^^
AttributeError: 'Expr' object has no attribute 'body'

--------------------------------------------------------------------------------
Function getPythonAtrributeFuncs crashed on trial 46:
Traceback (most recent call last):
  File "/home/trey-wendell/SQA Work/Project/Trendell-FALL2025-SQA/fuzz.py", line 64, in fuzz_function
    func(node)
  File "/home/trey-wendell/SQA Work/Project/Trendell-FALL2025-SQA/MLForensics/MLForensics_farzana/FAME-ML/py_parser.py", line 178, in getPythonAtrributeFuncs
    for stmt_ in pyTree.body:
                 ^^^^^^^^^^^
AttributeError: 'Call' object has no attribute 'body'

--------------------------------------------------------------------------------
Function getPythonAtrributeFuncs crashed on trial 47:
Traceback (most recent call last):
  File "/home/trey-wendell/SQA Work/Project/Trendell-FALL2025-SQA/fuzz.py", line 64, in fuzz_function
    func(node)
  File "/home/trey-wendell/SQA Work/Project/Trendell-FALL2025-SQA/MLForensics/MLForensics_farzana/FAME-ML/py_parser.py", line 178, in getPythonAtrributeFuncs
    for stmt_ in pyTree.body:
                 ^^^^^^^^^^^
AttributeError: 'Assign' object has no attribute 'body'

--------------------------------------------------------------------------------
Function getPythonAtrributeFuncs crashed on trial 48:
Traceback (most recent call last):
  File "/home/trey-wendell/SQA Work/Project/Trendell-FALL2025-SQA/fuzz.py", line 64, in fuzz_function
    func(node)
  File "/home/trey-wendell/SQA Work/Project/Trendell-FALL2025-SQA/MLForensics/MLForensics_farzana/FAME-ML/py_parser.py", line 178, in getPythonAtrributeFuncs
    for stmt_ in pyTree.body:
                 ^^^^^^^^^^^
AttributeError: 'Assign' object has no attribute 'body'

--------------------------------------------------------------------------------
Function getPythonAtrributeFuncs crashed on trial 49:
Traceback (most recent call last):
  File "/home/trey-wendell/SQA Work/Project/Trendell-FALL2025-SQA/fuzz.py", line 64, in fuzz_function
    func(node)
  File "/home/trey-wendell/SQA Work/Project/Trendell-FALL2025-SQA/MLForensics/MLForensics_farzana/FAME-ML/py_parser.py", line 178, in getPythonAtrributeFuncs
    for stmt_ in pyTree.body:
                 ^^^^^^^^^^^
AttributeError: 'Attribute' object has no attribute 'body'

--------------------------------------------------------------------------------
Function getFunctionDefinitions crashed on trial 0:
Traceback (most recent call last):
  File "/home/trey-wendell/SQA Work/Project/Trendell-FALL2025-SQA/fuzz.py", line 64, in fuzz_function
    func(node)
  File "/home/trey-wendell/SQA Work/Project/Trendell-FALL2025-SQA/MLForensics/MLForensics_farzana/FAME-ML/py_parser.py", line 258, in getFunctionDefinitions
    for stmt_ in pyTree.body:
                 ^^^^^^^^^^^
AttributeError: 'Name' object has no attribute 'body'

--------------------------------------------------------------------------------
Function getFunctionDefinitions crashed on trial 1:
Traceback (most recent call last):
  File "/home/trey-wendell/SQA Work/Project/Trendell-FALL2025-SQA/fuzz.py", line 64, in fuzz_function
    func(node)
  File "/home/trey-wendell/SQA Work/Project/Trendell-FALL2025-SQA/MLForensics/MLForensics_farzana/FAME-ML/py_parser.py", line 258, in getFunctionDefinitions
    for stmt_ in pyTree.body:
                 ^^^^^^^^^^^
AttributeError: 'Attribute' object has no attribute 'body'

--------------------------------------------------------------------------------
Function getFunctionDefinitions crashed on trial 2:
Traceback (most recent call last):
  File "/home/trey-wendell/SQA Work/Project/Trendell-FALL2025-SQA/fuzz.py", line 64, in fuzz_function
    func(node)
  File "/home/trey-wendell/SQA Work/Project/Trendell-FALL2025-SQA/MLForensics/MLForensics_farzana/FAME-ML/py_parser.py", line 258, in getFunctionDefinitions
    for stmt_ in pyTree.body:
                 ^^^^^^^^^^^
AttributeError: 'Attribute' object has no attribute 'body'

--------------------------------------------------------------------------------
Function getFunctionDefinitions crashed on trial 3:
Traceback (most recent call last):
  File "/home/trey-wendell/SQA Work/Project/Trendell-FALL2025-SQA/fuzz.py", line 64, in fuzz_function
    func(node)
  File "/home/trey-wendell/SQA Work/Project/Trendell-FALL2025-SQA/MLForensics/MLForensics_farzana/FAME-ML/py_parser.py", line 258, in getFunctionDefinitions
    for stmt_ in pyTree.body:
                 ^^^^^^^^^^^
AttributeError: 'Attribute' object has no attribute 'body'

--------------------------------------------------------------------------------
Function getFunctionDefinitions crashed on trial 4:
Traceback (most recent call last):
  File "/home/trey-wendell/SQA Work/Project/Trendell-FALL2025-SQA/fuzz.py", line 64, in fuzz_function
    func(node)
  File "/home/trey-wendell/SQA Work/Project/Trendell-FALL2025-SQA/MLForensics/MLForensics_farzana/FAME-ML/py_parser.py", line 258, in getFunctionDefinitions
    for stmt_ in pyTree.body:
                 ^^^^^^^^^^^
AttributeError: 'Attribute' object has no attribute 'body'

--------------------------------------------------------------------------------
Function getFunctionDefinitions crashed on trial 5:
Traceback (most recent call last):
  File "/home/trey-wendell/SQA Work/Project/Trendell-FALL2025-SQA/fuzz.py", line 64, in fuzz_function
    func(node)
  File "/home/trey-wendell/SQA Work/Project/Trendell-FALL2025-SQA/MLForensics/MLForensics_farzana/FAME-ML/py_parser.py", line 258, in getFunctionDefinitions
    for stmt_ in pyTree.body:
                 ^^^^^^^^^^^
AttributeError: 'Name' object has no attribute 'body'

--------------------------------------------------------------------------------
Function getFunctionDefinitions crashed on trial 6:
Traceback (most recent call last):
  File "/home/trey-wendell/SQA Work/Project/Trendell-FALL2025-SQA/fuzz.py", line 64, in fuzz_function
    func(node)
  File "/home/trey-wendell/SQA Work/Project/Trendell-FALL2025-SQA/MLForensics/MLForensics_farzana/FAME-ML/py_parser.py", line 258, in getFunctionDefinitions
    for stmt_ in pyTree.body:
                 ^^^^^^^^^^^
AttributeError: 'Call' object has no attribute 'body'

--------------------------------------------------------------------------------
Function getFunctionDefinitions crashed on trial 7:
Traceback (most recent call last):
  File "/home/trey-wendell/SQA Work/Project/Trendell-FALL2025-SQA/fuzz.py", line 64, in fuzz_function
    func(node)
  File "/home/trey-wendell/SQA Work/Project/Trendell-FALL2025-SQA/MLForensics/MLForensics_farzana/FAME-ML/py_parser.py", line 258, in getFunctionDefinitions
    for stmt_ in pyTree.body:
                 ^^^^^^^^^^^
AttributeError: 'Assign' object has no attribute 'body'

--------------------------------------------------------------------------------
Function getFunctionDefinitions crashed on trial 8:
Traceback (most recent call last):
  File "/home/trey-wendell/SQA Work/Project/Trendell-FALL2025-SQA/fuzz.py", line 64, in fuzz_function
    func(node)
  File "/home/trey-wendell/SQA Work/Project/Trendell-FALL2025-SQA/MLForensics/MLForensics_farzana/FAME-ML/py_parser.py", line 258, in getFunctionDefinitions
    for stmt_ in pyTree.body:
                 ^^^^^^^^^^^
AttributeError: 'Assign' object has no attribute 'body'

--------------------------------------------------------------------------------
Function getFunctionDefinitions crashed on trial 9:
Traceback (most recent call last):
  File "/home/trey-wendell/SQA Work/Project/Trendell-FALL2025-SQA/fuzz.py", line 64, in fuzz_function
    func(node)
  File "/home/trey-wendell/SQA Work/Project/Trendell-FALL2025-SQA/MLForensics/MLForensics_farzana/FAME-ML/py_parser.py", line 258, in getFunctionDefinitions
    for stmt_ in pyTree.body:
                 ^^^^^^^^^^^
AttributeError: 'Attribute' object has no attribute 'body'

--------------------------------------------------------------------------------
Function getFunctionDefinitions crashed on trial 10:
Traceback (most recent call last):
  File "/home/trey-wendell/SQA Work/Project/Trendell-FALL2025-SQA/fuzz.py", line 64, in fuzz_function
    func(node)
  File "/home/trey-wendell/SQA Work/Project/Trendell-FALL2025-SQA/MLForensics/MLForensics_farzana/FAME-ML/py_parser.py", line 258, in getFunctionDefinitions
    for stmt_ in pyTree.body:
                 ^^^^^^^^^^^
AttributeError: 'Name' object has no attribute 'body'

--------------------------------------------------------------------------------
Function getFunctionDefinitions crashed on trial 11:
Traceback (most recent call last):
  File "/home/trey-wendell/SQA Work/Project/Trendell-FALL2025-SQA/fuzz.py", line 64, in fuzz_function
    func(node)
  File "/home/trey-wendell/SQA Work/Project/Trendell-FALL2025-SQA/MLForensics/MLForensics_farzana/FAME-ML/py_parser.py", line 258, in getFunctionDefinitions
    for stmt_ in pyTree.body:
                 ^^^^^^^^^^^
AttributeError: 'Attribute' object has no attribute 'body'

--------------------------------------------------------------------------------
Function getFunctionDefinitions crashed on trial 12:
Traceback (most recent call last):
  File "/home/trey-wendell/SQA Work/Project/Trendell-FALL2025-SQA/fuzz.py", line 64, in fuzz_function
    func(node)
  File "/home/trey-wendell/SQA Work/Project/Trendell-FALL2025-SQA/MLForensics/MLForensics_farzana/FAME-ML/py_parser.py", line 258, in getFunctionDefinitions
    for stmt_ in pyTree.body:
                 ^^^^^^^^^^^
AttributeError: 'Attribute' object has no attribute 'body'

--------------------------------------------------------------------------------
Function getFunctionDefinitions crashed on trial 13:
Traceback (most recent call last):
  File "/home/trey-wendell/SQA Work/Project/Trendell-FALL2025-SQA/fuzz.py", line 64, in fuzz_function
    func(node)
  File "/home/trey-wendell/SQA Work/Project/Trendell-FALL2025-SQA/MLForensics/MLForensics_farzana/FAME-ML/py_parser.py", line 258, in getFunctionDefinitions
    for stmt_ in pyTree.body:
                 ^^^^^^^^^^^
AttributeError: 'Call' object has no attribute 'body'

--------------------------------------------------------------------------------
Function getFunctionDefinitions crashed on trial 14:
Traceback (most recent call last):
  File "/home/trey-wendell/SQA Work/Project/Trendell-FALL2025-SQA/fuzz.py", line 64, in fuzz_function
    func(node)
  File "/home/trey-wendell/SQA Work/Project/Trendell-FALL2025-SQA/MLForensics/MLForensics_farzana/FAME-ML/py_parser.py", line 258, in getFunctionDefinitions
    for stmt_ in pyTree.body:
                 ^^^^^^^^^^^
AttributeError: 'Call' object has no attribute 'body'

--------------------------------------------------------------------------------
Function getFunctionDefinitions crashed on trial 15:
Traceback (most recent call last):
  File "/home/trey-wendell/SQA Work/Project/Trendell-FALL2025-SQA/fuzz.py", line 64, in fuzz_function
    func(node)
  File "/home/trey-wendell/SQA Work/Project/Trendell-FALL2025-SQA/MLForensics/MLForensics_farzana/FAME-ML/py_parser.py", line 258, in getFunctionDefinitions
    for stmt_ in pyTree.body:
                 ^^^^^^^^^^^
AttributeError: 'Name' object has no attribute 'body'

--------------------------------------------------------------------------------
Function getFunctionDefinitions crashed on trial 16:
Traceback (most recent call last):
  File "/home/trey-wendell/SQA Work/Project/Trendell-FALL2025-SQA/fuzz.py", line 64, in fuzz_function
    func(node)
  File "/home/trey-wendell/SQA Work/Project/Trendell-FALL2025-SQA/MLForensics/MLForensics_farzana/FAME-ML/py_parser.py", line 258, in getFunctionDefinitions
    for stmt_ in pyTree.body:
                 ^^^^^^^^^^^
AttributeError: 'Name' object has no attribute 'body'

--------------------------------------------------------------------------------
Function getFunctionDefinitions crashed on trial 17:
Traceback (most recent call last):
  File "/home/trey-wendell/SQA Work/Project/Trendell-FALL2025-SQA/fuzz.py", line 64, in fuzz_function
    func(node)
  File "/home/trey-wendell/SQA Work/Project/Trendell-FALL2025-SQA/MLForensics/MLForensics_farzana/FAME-ML/py_parser.py", line 258, in getFunctionDefinitions
    for stmt_ in pyTree.body:
                 ^^^^^^^^^^^
AttributeError: 'Assign' object has no attribute 'body'

--------------------------------------------------------------------------------
Function getFunctionDefinitions crashed on trial 18:
Traceback (most recent call last):
  File "/home/trey-wendell/SQA Work/Project/Trendell-FALL2025-SQA/fuzz.py", line 64, in fuzz_function
    func(node)
  File "/home/trey-wendell/SQA Work/Project/Trendell-FALL2025-SQA/MLForensics/MLForensics_farzana/FAME-ML/py_parser.py", line 258, in getFunctionDefinitions
    for stmt_ in pyTree.body:
                 ^^^^^^^^^^^
AttributeError: 'Name' object has no attribute 'body'

--------------------------------------------------------------------------------
Function getFunctionDefinitions crashed on trial 19:
Traceback (most recent call last):
  File "/home/trey-wendell/SQA Work/Project/Trendell-FALL2025-SQA/fuzz.py", line 64, in fuzz_function
    func(node)
  File "/home/trey-wendell/SQA Work/Project/Trendell-FALL2025-SQA/MLForensics/MLForensics_farzana/FAME-ML/py_parser.py", line 258, in getFunctionDefinitions
    for stmt_ in pyTree.body:
                 ^^^^^^^^^^^
AttributeError: 'Expr' object has no attribute 'body'

--------------------------------------------------------------------------------
Function getFunctionDefinitions crashed on trial 20:
Traceback (most recent call last):
  File "/home/trey-wendell/SQA Work/Project/Trendell-FALL2025-SQA/fuzz.py", line 64, in fuzz_function
    func(node)
  File "/home/trey-wendell/SQA Work/Project/Trendell-FALL2025-SQA/MLForensics/MLForensics_farzana/FAME-ML/py_parser.py", line 258, in getFunctionDefinitions
    for stmt_ in pyTree.body:
                 ^^^^^^^^^^^
AttributeError: 'Expr' object has no attribute 'body'

--------------------------------------------------------------------------------
Function getFunctionDefinitions crashed on trial 21:
Traceback (most recent call last):
  File "/home/trey-wendell/SQA Work/Project/Trendell-FALL2025-SQA/fuzz.py", line 64, in fuzz_function
    func(node)
  File "/home/trey-wendell/SQA Work/Project/Trendell-FALL2025-SQA/MLForensics/MLForensics_farzana/FAME-ML/py_parser.py", line 258, in getFunctionDefinitions
    for stmt_ in pyTree.body:
                 ^^^^^^^^^^^
AttributeError: 'Name' object has no attribute 'body'

--------------------------------------------------------------------------------
Function getFunctionDefinitions crashed on trial 22:
Traceback (most recent call last):
  File "/home/trey-wendell/SQA Work/Project/Trendell-FALL2025-SQA/fuzz.py", line 64, in fuzz_function
    func(node)
  File "/home/trey-wendell/SQA Work/Project/Trendell-FALL2025-SQA/MLForensics/MLForensics_farzana/FAME-ML/py_parser.py", line 258, in getFunctionDefinitions
    for stmt_ in pyTree.body:
                 ^^^^^^^^^^^
AttributeError: 'Assign' object has no attribute 'body'

--------------------------------------------------------------------------------
Function getFunctionDefinitions crashed on trial 23:
Traceback (most recent call last):
  File "/home/trey-wendell/SQA Work/Project/Trendell-FALL2025-SQA/fuzz.py", line 64, in fuzz_function
    func(node)
  File "/home/trey-wendell/SQA Work/Project/Trendell-FALL2025-SQA/MLForensics/MLForensics_farzana/FAME-ML/py_parser.py", line 258, in getFunctionDefinitions
    for stmt_ in pyTree.body:
                 ^^^^^^^^^^^
AttributeError: 'Expr' object has no attribute 'body'

--------------------------------------------------------------------------------
Function getFunctionDefinitions crashed on trial 24:
Traceback (most recent call last):
  File "/home/trey-wendell/SQA Work/Project/Trendell-FALL2025-SQA/fuzz.py", line 64, in fuzz_function
    func(node)
  File "/home/trey-wendell/SQA Work/Project/Trendell-FALL2025-SQA/MLForensics/MLForensics_farzana/FAME-ML/py_parser.py", line 258, in getFunctionDefinitions
    for stmt_ in pyTree.body:
                 ^^^^^^^^^^^
AttributeError: 'Name' object has no attribute 'body'

--------------------------------------------------------------------------------
Function getFunctionDefinitions crashed on trial 25:
Traceback (most recent call last):
  File "/home/trey-wendell/SQA Work/Project/Trendell-FALL2025-SQA/fuzz.py", line 64, in fuzz_function
    func(node)
  File "/home/trey-wendell/SQA Work/Project/Trendell-FALL2025-SQA/MLForensics/MLForensics_farzana/FAME-ML/py_parser.py", line 258, in getFunctionDefinitions
    for stmt_ in pyTree.body:
                 ^^^^^^^^^^^
AttributeError: 'Expr' object has no attribute 'body'

--------------------------------------------------------------------------------
Function getFunctionDefinitions crashed on trial 26:
Traceback (most recent call last):
  File "/home/trey-wendell/SQA Work/Project/Trendell-FALL2025-SQA/fuzz.py", line 64, in fuzz_function
    func(node)
  File "/home/trey-wendell/SQA Work/Project/Trendell-FALL2025-SQA/MLForensics/MLForensics_farzana/FAME-ML/py_parser.py", line 258, in getFunctionDefinitions
    for stmt_ in pyTree.body:
                 ^^^^^^^^^^^
AttributeError: 'Assign' object has no attribute 'body'

--------------------------------------------------------------------------------
Function getFunctionDefinitions crashed on trial 27:
Traceback (most recent call last):
  File "/home/trey-wendell/SQA Work/Project/Trendell-FALL2025-SQA/fuzz.py", line 64, in fuzz_function
    func(node)
  File "/home/trey-wendell/SQA Work/Project/Trendell-FALL2025-SQA/MLForensics/MLForensics_farzana/FAME-ML/py_parser.py", line 258, in getFunctionDefinitions
    for stmt_ in pyTree.body:
                 ^^^^^^^^^^^
AttributeError: 'Assign' object has no attribute 'body'

--------------------------------------------------------------------------------
Function getFunctionDefinitions crashed on trial 28:
Traceback (most recent call last):
  File "/home/trey-wendell/SQA Work/Project/Trendell-FALL2025-SQA/fuzz.py", line 64, in fuzz_function
    func(node)
  File "/home/trey-wendell/SQA Work/Project/Trendell-FALL2025-SQA/MLForensics/MLForensics_farzana/FAME-ML/py_parser.py", line 258, in getFunctionDefinitions
    for stmt_ in pyTree.body:
                 ^^^^^^^^^^^
AttributeError: 'Attribute' object has no attribute 'body'

--------------------------------------------------------------------------------
Function getFunctionDefinitions crashed on trial 29:
Traceback (most recent call last):
  File "/home/trey-wendell/SQA Work/Project/Trendell-FALL2025-SQA/fuzz.py", line 64, in fuzz_function
    func(node)
  File "/home/trey-wendell/SQA Work/Project/Trendell-FALL2025-SQA/MLForensics/MLForensics_farzana/FAME-ML/py_parser.py", line 258, in getFunctionDefinitions
    for stmt_ in pyTree.body:
                 ^^^^^^^^^^^
AttributeError: 'Assign' object has no attribute 'body'

--------------------------------------------------------------------------------
Function getFunctionDefinitions crashed on trial 30:
Traceback (most recent call last):
  File "/home/trey-wendell/SQA Work/Project/Trendell-FALL2025-SQA/fuzz.py", line 64, in fuzz_function
    func(node)
  File "/home/trey-wendell/SQA Work/Project/Trendell-FALL2025-SQA/MLForensics/MLForensics_farzana/FAME-ML/py_parser.py", line 258, in getFunctionDefinitions
    for stmt_ in pyTree.body:
                 ^^^^^^^^^^^
AttributeError: 'Assign' object has no attribute 'body'

--------------------------------------------------------------------------------
Function getFunctionDefinitions crashed on trial 31:
Traceback (most recent call last):
  File "/home/trey-wendell/SQA Work/Project/Trendell-FALL2025-SQA/fuzz.py", line 64, in fuzz_function
    func(node)
  File "/home/trey-wendell/SQA Work/Project/Trendell-FALL2025-SQA/MLForensics/MLForensics_farzana/FAME-ML/py_parser.py", line 258, in getFunctionDefinitions
    for stmt_ in pyTree.body:
                 ^^^^^^^^^^^
AttributeError: 'Expr' object has no attribute 'body'

--------------------------------------------------------------------------------
Function getFunctionDefinitions crashed on trial 32:
Traceback (most recent call last):
  File "/home/trey-wendell/SQA Work/Project/Trendell-FALL2025-SQA/fuzz.py", line 64, in fuzz_function
    func(node)
  File "/home/trey-wendell/SQA Work/Project/Trendell-FALL2025-SQA/MLForensics/MLForensics_farzana/FAME-ML/py_parser.py", line 258, in getFunctionDefinitions
    for stmt_ in pyTree.body:
                 ^^^^^^^^^^^
AttributeError: 'Expr' object has no attribute 'body'

--------------------------------------------------------------------------------
Function getFunctionDefinitions crashed on trial 33:
Traceback (most recent call last):
  File "/home/trey-wendell/SQA Work/Project/Trendell-FALL2025-SQA/fuzz.py", line 64, in fuzz_function
    func(node)
  File "/home/trey-wendell/SQA Work/Project/Trendell-FALL2025-SQA/MLForensics/MLForensics_farzana/FAME-ML/py_parser.py", line 258, in getFunctionDefinitions
    for stmt_ in pyTree.body:
                 ^^^^^^^^^^^
AttributeError: 'Name' object has no attribute 'body'

--------------------------------------------------------------------------------
Function getFunctionDefinitions crashed on trial 34:
Traceback (most recent call last):
  File "/home/trey-wendell/SQA Work/Project/Trendell-FALL2025-SQA/fuzz.py", line 64, in fuzz_function
    func(node)
  File "/home/trey-wendell/SQA Work/Project/Trendell-FALL2025-SQA/MLForensics/MLForensics_farzana/FAME-ML/py_parser.py", line 258, in getFunctionDefinitions
    for stmt_ in pyTree.body:
                 ^^^^^^^^^^^
AttributeError: 'Call' object has no attribute 'body'

--------------------------------------------------------------------------------
Function getFunctionDefinitions crashed on trial 35:
Traceback (most recent call last):
  File "/home/trey-wendell/SQA Work/Project/Trendell-FALL2025-SQA/fuzz.py", line 64, in fuzz_function
    func(node)
  File "/home/trey-wendell/SQA Work/Project/Trendell-FALL2025-SQA/MLForensics/MLForensics_farzana/FAME-ML/py_parser.py", line 258, in getFunctionDefinitions
    for stmt_ in pyTree.body:
                 ^^^^^^^^^^^
AttributeError: 'Attribute' object has no attribute 'body'

--------------------------------------------------------------------------------
Function getFunctionDefinitions crashed on trial 36:
Traceback (most recent call last):
  File "/home/trey-wendell/SQA Work/Project/Trendell-FALL2025-SQA/fuzz.py", line 64, in fuzz_function
    func(node)
  File "/home/trey-wendell/SQA Work/Project/Trendell-FALL2025-SQA/MLForensics/MLForensics_farzana/FAME-ML/py_parser.py", line 258, in getFunctionDefinitions
    for stmt_ in pyTree.body:
                 ^^^^^^^^^^^
AttributeError: 'Assign' object has no attribute 'body'

--------------------------------------------------------------------------------
Function getFunctionDefinitions crashed on trial 37:
Traceback (most recent call last):
  File "/home/trey-wendell/SQA Work/Project/Trendell-FALL2025-SQA/fuzz.py", line 64, in fuzz_function
    func(node)
  File "/home/trey-wendell/SQA Work/Project/Trendell-FALL2025-SQA/MLForensics/MLForensics_farzana/FAME-ML/py_parser.py", line 258, in getFunctionDefinitions
    for stmt_ in pyTree.body:
                 ^^^^^^^^^^^
AttributeError: 'Name' object has no attribute 'body'

--------------------------------------------------------------------------------
Function getFunctionDefinitions crashed on trial 38:
Traceback (most recent call last):
  File "/home/trey-wendell/SQA Work/Project/Trendell-FALL2025-SQA/fuzz.py", line 64, in fuzz_function
    func(node)
  File "/home/trey-wendell/SQA Work/Project/Trendell-FALL2025-SQA/MLForensics/MLForensics_farzana/FAME-ML/py_parser.py", line 258, in getFunctionDefinitions
    for stmt_ in pyTree.body:
                 ^^^^^^^^^^^
AttributeError: 'Call' object has no attribute 'body'

--------------------------------------------------------------------------------
Function getFunctionDefinitions crashed on trial 39:
Traceback (most recent call last):
  File "/home/trey-wendell/SQA Work/Project/Trendell-FALL2025-SQA/fuzz.py", line 64, in fuzz_function
    func(node)
  File "/home/trey-wendell/SQA Work/Project/Trendell-FALL2025-SQA/MLForensics/MLForensics_farzana/FAME-ML/py_parser.py", line 258, in getFunctionDefinitions
    for stmt_ in pyTree.body:
                 ^^^^^^^^^^^
AttributeError: 'Name' object has no attribute 'body'

--------------------------------------------------------------------------------
Function getFunctionDefinitions crashed on trial 40:
Traceback (most recent call last):
  File "/home/trey-wendell/SQA Work/Project/Trendell-FALL2025-SQA/fuzz.py", line 64, in fuzz_function
    func(node)
  File "/home/trey-wendell/SQA Work/Project/Trendell-FALL2025-SQA/MLForensics/MLForensics_farzana/FAME-ML/py_parser.py", line 258, in getFunctionDefinitions
    for stmt_ in pyTree.body:
                 ^^^^^^^^^^^
AttributeError: 'Name' object has no attribute 'body'

--------------------------------------------------------------------------------
Function getFunctionDefinitions crashed on trial 41:
Traceback (most recent call last):
  File "/home/trey-wendell/SQA Work/Project/Trendell-FALL2025-SQA/fuzz.py", line 64, in fuzz_function
    func(node)
  File "/home/trey-wendell/SQA Work/Project/Trendell-FALL2025-SQA/MLForensics/MLForensics_farzana/FAME-ML/py_parser.py", line 258, in getFunctionDefinitions
    for stmt_ in pyTree.body:
                 ^^^^^^^^^^^
AttributeError: 'Attribute' object has no attribute 'body'

--------------------------------------------------------------------------------
Function getFunctionDefinitions crashed on trial 42:
Traceback (most recent call last):
  File "/home/trey-wendell/SQA Work/Project/Trendell-FALL2025-SQA/fuzz.py", line 64, in fuzz_function
    func(node)
  File "/home/trey-wendell/SQA Work/Project/Trendell-FALL2025-SQA/MLForensics/MLForensics_farzana/FAME-ML/py_parser.py", line 258, in getFunctionDefinitions
    for stmt_ in pyTree.body:
                 ^^^^^^^^^^^
AttributeError: 'Name' object has no attribute 'body'

--------------------------------------------------------------------------------
Function getFunctionDefinitions crashed on trial 43:
Traceback (most recent call last):
  File "/home/trey-wendell/SQA Work/Project/Trendell-FALL2025-SQA/fuzz.py", line 64, in fuzz_function
    func(node)
  File "/home/trey-wendell/SQA Work/Project/Trendell-FALL2025-SQA/MLForensics/MLForensics_farzana/FAME-ML/py_parser.py", line 258, in getFunctionDefinitions
    for stmt_ in pyTree.body:
                 ^^^^^^^^^^^
AttributeError: 'Name' object has no attribute 'body'

--------------------------------------------------------------------------------
Function getFunctionDefinitions crashed on trial 44:
Traceback (most recent call last):
  File "/home/trey-wendell/SQA Work/Project/Trendell-FALL2025-SQA/fuzz.py", line 64, in fuzz_function
    func(node)
  File "/home/trey-wendell/SQA Work/Project/Trendell-FALL2025-SQA/MLForensics/MLForensics_farzana/FAME-ML/py_parser.py", line 258, in getFunctionDefinitions
    for stmt_ in pyTree.body:
                 ^^^^^^^^^^^
AttributeError: 'Expr' object has no attribute 'body'

--------------------------------------------------------------------------------
Function getFunctionDefinitions crashed on trial 45:
Traceback (most recent call last):
  File "/home/trey-wendell/SQA Work/Project/Trendell-FALL2025-SQA/fuzz.py", line 64, in fuzz_function
    func(node)
  File "/home/trey-wendell/SQA Work/Project/Trendell-FALL2025-SQA/MLForensics/MLForensics_farzana/FAME-ML/py_parser.py", line 258, in getFunctionDefinitions
    for stmt_ in pyTree.body:
                 ^^^^^^^^^^^
AttributeError: 'Assign' object has no attribute 'body'

--------------------------------------------------------------------------------
Function getFunctionDefinitions crashed on trial 46:
Traceback (most recent call last):
  File "/home/trey-wendell/SQA Work/Project/Trendell-FALL2025-SQA/fuzz.py", line 64, in fuzz_function
    func(node)
  File "/home/trey-wendell/SQA Work/Project/Trendell-FALL2025-SQA/MLForensics/MLForensics_farzana/FAME-ML/py_parser.py", line 258, in getFunctionDefinitions
    for stmt_ in pyTree.body:
                 ^^^^^^^^^^^
AttributeError: 'Attribute' object has no attribute 'body'

--------------------------------------------------------------------------------
Function getFunctionDefinitions crashed on trial 47:
Traceback (most recent call last):
  File "/home/trey-wendell/SQA Work/Project/Trendell-FALL2025-SQA/fuzz.py", line 64, in fuzz_function
    func(node)
  File "/home/trey-wendell/SQA Work/Project/Trendell-FALL2025-SQA/MLForensics/MLForensics_farzana/FAME-ML/py_parser.py", line 258, in getFunctionDefinitions
    for stmt_ in pyTree.body:
                 ^^^^^^^^^^^
AttributeError: 'Call' object has no attribute 'body'

--------------------------------------------------------------------------------
Function getFunctionDefinitions crashed on trial 48:
Traceback (most recent call last):
  File "/home/trey-wendell/SQA Work/Project/Trendell-FALL2025-SQA/fuzz.py", line 64, in fuzz_function
    func(node)
  File "/home/trey-wendell/SQA Work/Project/Trendell-FALL2025-SQA/MLForensics/MLForensics_farzana/FAME-ML/py_parser.py", line 258, in getFunctionDefinitions
    for stmt_ in pyTree.body:
                 ^^^^^^^^^^^
AttributeError: 'Attribute' object has no attribute 'body'

--------------------------------------------------------------------------------
Function getFunctionDefinitions crashed on trial 49:
Traceback (most recent call last):
  File "/home/trey-wendell/SQA Work/Project/Trendell-FALL2025-SQA/fuzz.py", line 64, in fuzz_function
    func(node)
  File "/home/trey-wendell/SQA Work/Project/Trendell-FALL2025-SQA/MLForensics/MLForensics_farzana/FAME-ML/py_parser.py", line 258, in getFunctionDefinitions
    for stmt_ in pyTree.body:
                 ^^^^^^^^^^^
AttributeError: 'Name' object has no attribute 'body'

--------------------------------------------------------------------------------
